{"/home/ya/Downloads/react2024q3/src/main.tsx": {"path":"/home/ya/Downloads/react2024q3/src/main.tsx","statementMap":{"0":{"start":{"line":1,"column":0},"end":{"line":1,"column":26}},"1":{"start":{"line":2,"column":0},"end":{"line":2,"column":40}},"2":{"start":{"line":3,"column":0},"end":{"line":3,"column":21}},"3":{"start":{"line":4,"column":0},"end":{"line":4,"column":28}},"4":{"start":{"line":5,"column":0},"end":{"line":5,"column":39}},"5":{"start":{"line":6,"column":0},"end":{"line":6,"column":32}},"6":{"start":{"line":7,"column":0},"end":{"line":7,"column":50}},"7":{"start":{"line":9,"column":20},"end":{"line":9,"column":51}},"8":{"start":{"line":10,"column":0},"end":{"line":22,"column":1}},"9":{"start":{"line":11,"column":2},"end":{"line":19,"column":4}},"10":{"start":{"line":21,"column":2},"end":{"line":21,"column":42}}},"fnMap":{},"branchMap":{"0":{"loc":{"start":{"line":10,"column":0},"end":{"line":22,"column":1}},"type":"if","locations":[{"start":{"line":10,"column":0},"end":{"line":22,"column":1}},{"start":{"line":20,"column":7},"end":{"line":22,"column":1}}]}},"s":{"0":1,"1":1,"2":1,"3":1,"4":1,"5":1,"6":1,"7":1,"8":1,"9":1,"10":0},"f":{},"b":{"0":[1,0]}}
,"/home/ya/Downloads/react2024q3/src/app/App.tsx": {"path":"/home/ya/Downloads/react2024q3/src/app/App.tsx","statementMap":{"0":{"start":{"line":1,"column":0},"end":{"line":1,"column":71}},"1":{"start":{"line":2,"column":0},"end":{"line":2,"column":34}},"2":{"start":{"line":4,"column":15},"end":{"line":4,"column":42}},"3":{"start":{"line":7,"column":2},"end":{"line":7,"column":44}},"4":{"start":{"line":10,"column":0},"end":{"line":10,"column":19}}},"fnMap":{"0":{"name":"App","decl":{"start":{"line":6,"column":9},"end":{"line":6,"column":12}},"loc":{"start":{"line":6,"column":12},"end":{"line":8,"column":1}}}},"branchMap":{},"s":{"0":2,"1":2,"2":2,"3":1,"4":2},"f":{"0":1},"b":{}}
,"/home/ya/Downloads/react2024q3/src/app/routes.tsx": {"path":"/home/ya/Downloads/react2024q3/src/app/routes.tsx","statementMap":{"0":{"start":{"line":1,"column":0},"end":{"line":1,"column":57}},"1":{"start":{"line":2,"column":0},"end":{"line":2,"column":68}},"2":{"start":{"line":3,"column":0},"end":{"line":3,"column":56}},"3":{"start":{"line":5,"column":13},"end":{"line":23,"column":2}}},"fnMap":{},"branchMap":{},"s":{"0":2,"1":2,"2":2,"3":2},"f":{},"b":{}}
,"/home/ya/Downloads/react2024q3/src/features/errorBoundary/ErrorBoundary.tsx": {"path":"/home/ya/Downloads/react2024q3/src/features/errorBoundary/ErrorBoundary.tsx","statementMap":{"0":{"start":{"line":1,"column":0},"end":{"line":1,"column":26}},"1":{"start":{"line":2,"column":0},"end":{"line":2,"column":43}},"2":{"start":{"line":14,"column":4},"end":{"line":14,"column":17}},"3":{"start":{"line":15,"column":4},"end":{"line":15,"column":37}},"4":{"start":{"line":19,"column":4},"end":{"line":19,"column":30}},"5":{"start":{"line":23,"column":4},"end":{"line":25,"column":5}},"6":{"start":{"line":24,"column":6},"end":{"line":24,"column":28}},"7":{"start":{"line":26,"column":4},"end":{"line":26,"column":31}},"8":{"start":{"line":12,"column":0},"end":{"line":12,"column":21}}},"fnMap":{"0":{"name":"(anonymous_1)","decl":{"start":{"line":13,"column":2},"end":{"line":13,"column":14}},"loc":{"start":{"line":13,"column":39},"end":{"line":16,"column":3}}},"1":{"name":"(anonymous_2)","decl":{"start":{"line":18,"column":2},"end":{"line":18,"column":8}},"loc":{"start":{"line":18,"column":33},"end":{"line":20,"column":3}}},"2":{"name":"(anonymous_3)","decl":{"start":{"line":22,"column":2},"end":{"line":22,"column":8}},"loc":{"start":{"line":22,"column":8},"end":{"line":27,"column":3}}}},"branchMap":{"0":{"loc":{"start":{"line":23,"column":4},"end":{"line":25,"column":5}},"type":"if","locations":[{"start":{"line":23,"column":4},"end":{"line":25,"column":5}}]}},"s":{"0":2,"1":2,"2":1,"3":1,"4":0,"5":1,"6":0,"7":1,"8":2},"f":{"0":1,"1":0,"2":1},"b":{"0":[0]}}
,"/home/ya/Downloads/react2024q3/src/features/lazyComponent/LazyComponent.tsx": {"path":"/home/ya/Downloads/react2024q3/src/features/lazyComponent/LazyComponent.tsx","statementMap":{"0":{"start":{"line":1,"column":0},"end":{"line":1,"column":40}},"1":{"start":{"line":2,"column":0},"end":{"line":2,"column":45}},"2":{"start":{"line":4,"column":22},"end":{"line":9,"column":null}},"3":{"start":{"line":5,"column":2},"end":{"line":8,"column":null}},"4":{"start":{"line":12,"column":0},"end":{"line":12,"column":29}}},"fnMap":{"0":{"name":"(anonymous_1)","decl":{"start":{"line":4,"column":22},"end":{"line":4,"column":23}},"loc":{"start":{"line":5,"column":2},"end":{"line":8,"column":null}}}},"branchMap":{},"s":{"0":2,"1":2,"2":2,"3":6,"4":2},"f":{"0":6},"b":{}}
,"/home/ya/Downloads/react2024q3/src/features/theme/ThemeContext.tsx": {"path":"/home/ya/Downloads/react2024q3/src/features/theme/ThemeContext.tsx","statementMap":{"0":{"start":{"line":1,"column":0},"end":{"line":1,"column":77}},"1":{"start":{"line":10,"column":21},"end":{"line":10,"column":76}},"2":{"start":{"line":26,"column":24},"end":{"line":26,"column":36}},"3":{"start":{"line":12,"column":57},"end":{"line":24,"column":1}},"4":{"start":{"line":13,"column":28},"end":{"line":13,"column":52}},"5":{"start":{"line":15,"column":2},"end":{"line":17,"column":14}},"6":{"start":{"line":16,"column":4},"end":{"line":16,"column":36}},"7":{"start":{"line":19,"column":22},"end":{"line":21,"column":3}},"8":{"start":{"line":20,"column":4},"end":{"line":20,"column":72}},"9":{"start":{"line":20,"column":29},"end":{"line":20,"column":69}},"10":{"start":{"line":23,"column":2},"end":{"line":23,"column":98}},"11":{"start":{"line":26,"column":9},"end":{"line":26,"column":22}}},"fnMap":{"0":{"name":"(anonymous_0)","decl":{"start":{"line":12,"column":57},"end":{"line":12,"column":58}},"loc":{"start":{"line":12,"column":74},"end":{"line":24,"column":1}}},"1":{"name":"(anonymous_1)","decl":{"start":{"line":15,"column":12},"end":{"line":15,"column":15}},"loc":{"start":{"line":15,"column":17},"end":{"line":17,"column":3}}},"2":{"name":"(anonymous_2)","decl":{"start":{"line":19,"column":22},"end":{"line":19,"column":25}},"loc":{"start":{"line":19,"column":27},"end":{"line":21,"column":3}}},"3":{"name":"(anonymous_3)","decl":{"start":{"line":20,"column":13},"end":{"line":20,"column":14}},"loc":{"start":{"line":20,"column":29},"end":{"line":20,"column":69}}}},"branchMap":{"0":{"loc":{"start":{"line":20,"column":29},"end":{"line":20,"column":69}},"type":"cond-expr","locations":[{"start":{"line":20,"column":53},"end":{"line":20,"column":59}},{"start":{"line":20,"column":62},"end":{"line":20,"column":69}}]}},"s":{"0":6,"1":6,"2":6,"3":6,"4":6,"5":6,"6":6,"7":6,"8":3,"9":3,"10":6,"11":6},"f":{"0":6,"1":6,"2":3,"3":3},"b":{"0":[2,1]}}
,"/home/ya/Downloads/react2024q3/src/pages/404/Page404.tsx": {"path":"/home/ya/Downloads/react2024q3/src/pages/404/Page404.tsx","statementMap":{"0":{"start":{"line":1,"column":0},"end":{"line":1,"column":24}},"1":{"start":{"line":2,"column":22},"end":{"line":4,"column":3}},"2":{"start":{"line":3,"column":4},"end":{"line":3,"column":31}},"3":{"start":{"line":6,"column":2},"end":{"line":17,"column":4}}},"fnMap":{"0":{"name":"Page404","decl":{"start":{"line":1,"column":24},"end":{"line":1,"column":31}},"loc":{"start":{"line":1,"column":31},"end":{"line":18,"column":1}}},"1":{"name":"(anonymous_1)","decl":{"start":{"line":2,"column":22},"end":{"line":2,"column":25}},"loc":{"start":{"line":2,"column":27},"end":{"line":4,"column":3}}}},"branchMap":{},"s":{"0":1,"1":2,"2":1,"3":2},"f":{"0":2,"1":1},"b":{}}
,"/home/ya/Downloads/react2024q3/src/pages/error/PageError.tsx": {"path":"/home/ya/Downloads/react2024q3/src/pages/error/PageError.tsx","statementMap":{"0":{"start":{"line":3,"column":0},"end":{"line":3,"column":24}},"1":{"start":{"line":1,"column":0},"end":{"line":1,"column":47}},"2":{"start":{"line":4,"column":2},"end":{"line":4,"column":28}}},"fnMap":{"0":{"name":"PageError","decl":{"start":{"line":3,"column":24},"end":{"line":3,"column":33}},"loc":{"start":{"line":3,"column":33},"end":{"line":5,"column":1}}}},"branchMap":{},"s":{"0":1,"1":1,"2":2},"f":{"0":2},"b":{}}
,"/home/ya/Downloads/react2024q3/src/pages/main/PageMain.tsx": {"path":"/home/ya/Downloads/react2024q3/src/pages/main/PageMain.tsx","statementMap":{"0":{"start":{"line":4,"column":0},"end":{"line":4,"column":24}},"1":{"start":{"line":1,"column":0},"end":{"line":1,"column":78}},"2":{"start":{"line":2,"column":0},"end":{"line":2,"column":43}},"3":{"start":{"line":5,"column":2},"end":{"line":14,"column":4}}},"fnMap":{"0":{"name":"PageMain","decl":{"start":{"line":4,"column":24},"end":{"line":4,"column":32}},"loc":{"start":{"line":4,"column":32},"end":{"line":15,"column":1}}}},"branchMap":{},"s":{"0":1,"1":1,"2":1,"3":0},"f":{"0":0},"b":{}}
,"/home/ya/Downloads/react2024q3/src/shared/ui/errorButton/ErrorButton.tsx": {"path":"/home/ya/Downloads/react2024q3/src/shared/ui/errorButton/ErrorButton.tsx","statementMap":{"0":{"start":{"line":1,"column":0},"end":{"line":1,"column":46}},"1":{"start":{"line":3,"column":20},"end":{"line":13,"column":1}},"2":{"start":{"line":4,"column":22},"end":{"line":6,"column":3}},"3":{"start":{"line":5,"column":4},"end":{"line":5,"column":36}},"4":{"start":{"line":8,"column":2},"end":{"line":12,"column":4}},"5":{"start":{"line":15,"column":0},"end":{"line":15,"column":27}}},"fnMap":{"0":{"name":"(anonymous_1)","decl":{"start":{"line":3,"column":20},"end":{"line":3,"column":23}},"loc":{"start":{"line":3,"column":25},"end":{"line":13,"column":1}}},"1":{"name":"(anonymous_2)","decl":{"start":{"line":4,"column":22},"end":{"line":4,"column":25}},"loc":{"start":{"line":4,"column":27},"end":{"line":6,"column":3}}}},"branchMap":{},"s":{"0":3,"1":3,"2":0,"3":0,"4":0,"5":3},"f":{"0":0,"1":0},"b":{}}
,"/home/ya/Downloads/react2024q3/src/shared/ui/searchButton/SearchButton.tsx": {"path":"/home/ya/Downloads/react2024q3/src/shared/ui/searchButton/SearchButton.tsx","statementMap":{"0":{"start":{"line":1,"column":0},"end":{"line":1,"column":83}},"1":{"start":{"line":2,"column":0},"end":{"line":2,"column":61}},"2":{"start":{"line":3,"column":0},"end":{"line":3,"column":59}},"3":{"start":{"line":4,"column":0},"end":{"line":4,"column":47}},"4":{"start":{"line":6,"column":21},"end":{"line":23,"column":1}},"5":{"start":{"line":7,"column":27},"end":{"line":7,"column":83}},"6":{"start":{"line":7,"column":53},"end":{"line":7,"column":82}},"7":{"start":{"line":8,"column":22},"end":{"line":8,"column":78}},"8":{"start":{"line":8,"column":48},"end":{"line":8,"column":77}},"9":{"start":{"line":9,"column":19},"end":{"line":9,"column":35}},"10":{"start":{"line":11,"column":22},"end":{"line":16,"column":3}},"11":{"start":{"line":12,"column":4},"end":{"line":15,"column":5}},"12":{"start":{"line":13,"column":6},"end":{"line":13,"column":48}},"13":{"start":{"line":14,"column":6},"end":{"line":14,"column":40}},"14":{"start":{"line":18,"column":2},"end":{"line":22,"column":4}},"15":{"start":{"line":25,"column":0},"end":{"line":25,"column":28}}},"fnMap":{"0":{"name":"(anonymous_1)","decl":{"start":{"line":6,"column":21},"end":{"line":6,"column":24}},"loc":{"start":{"line":6,"column":26},"end":{"line":23,"column":1}}},"1":{"name":"(anonymous_2)","decl":{"start":{"line":7,"column":42},"end":{"line":7,"column":43}},"loc":{"start":{"line":7,"column":53},"end":{"line":7,"column":82}}},"2":{"name":"(anonymous_3)","decl":{"start":{"line":8,"column":37},"end":{"line":8,"column":38}},"loc":{"start":{"line":8,"column":48},"end":{"line":8,"column":77}}},"3":{"name":"(anonymous_4)","decl":{"start":{"line":11,"column":22},"end":{"line":11,"column":25}},"loc":{"start":{"line":11,"column":27},"end":{"line":16,"column":3}}}},"branchMap":{"0":{"loc":{"start":{"line":12,"column":4},"end":{"line":15,"column":5}},"type":"if","locations":[{"start":{"line":12,"column":4},"end":{"line":15,"column":5}}]}},"s":{"0":4,"1":4,"2":4,"3":4,"4":4,"5":1,"6":0,"7":1,"8":0,"9":1,"10":1,"11":1,"12":1,"13":1,"14":1,"15":4},"f":{"0":1,"1":0,"2":0,"3":1},"b":{"0":[1]}}
,"/home/ya/Downloads/react2024q3/src/shared/ui/searchInput/SearchInput.tsx": {"path":"/home/ya/Downloads/react2024q3/src/shared/ui/searchInput/SearchInput.tsx","statementMap":{"0":{"start":{"line":1,"column":0},"end":{"line":1,"column":62}},"1":{"start":{"line":2,"column":0},"end":{"line":2,"column":47}},"2":{"start":{"line":3,"column":0},"end":{"line":3,"column":46}},"3":{"start":{"line":5,"column":20},"end":{"line":22,"column":1}},"4":{"start":{"line":6,"column":19},"end":{"line":6,"column":35}},"5":{"start":{"line":7,"column":27},"end":{"line":7,"column":83}},"6":{"start":{"line":7,"column":53},"end":{"line":7,"column":82}},"7":{"start":{"line":9,"column":23},"end":{"line":11,"column":3}},"8":{"start":{"line":10,"column":4},"end":{"line":10,"column":49}},"9":{"start":{"line":13,"column":2},"end":{"line":21,"column":4}},"10":{"start":{"line":24,"column":0},"end":{"line":24,"column":27}}},"fnMap":{"0":{"name":"(anonymous_1)","decl":{"start":{"line":5,"column":20},"end":{"line":5,"column":23}},"loc":{"start":{"line":5,"column":25},"end":{"line":22,"column":1}}},"1":{"name":"(anonymous_2)","decl":{"start":{"line":7,"column":42},"end":{"line":7,"column":43}},"loc":{"start":{"line":7,"column":53},"end":{"line":7,"column":82}}},"2":{"name":"(anonymous_3)","decl":{"start":{"line":9,"column":23},"end":{"line":9,"column":24}},"loc":{"start":{"line":9,"column":70},"end":{"line":11,"column":3}}}},"branchMap":{},"s":{"0":4,"1":4,"2":4,"3":4,"4":1,"5":1,"6":0,"7":1,"8":0,"9":1,"10":4},"f":{"0":1,"1":0,"2":0},"b":{}}
,"/home/ya/Downloads/react2024q3/src/shared/ui/themeButton/ThemeButton.tsx": {"path":"/home/ya/Downloads/react2024q3/src/shared/ui/themeButton/ThemeButton.tsx","statementMap":{"0":{"start":{"line":1,"column":0},"end":{"line":1,"column":39}},"1":{"start":{"line":3,"column":20},"end":{"line":9,"column":1}},"2":{"start":{"line":4,"column":33},"end":{"line":4,"column":43}},"3":{"start":{"line":6,"column":2},"end":{"line":8,"column":4}},"4":{"start":{"line":11,"column":0},"end":{"line":11,"column":27}}},"fnMap":{"0":{"name":"(anonymous_0)","decl":{"start":{"line":3,"column":20},"end":{"line":3,"column":23}},"loc":{"start":{"line":3,"column":25},"end":{"line":9,"column":1}}}},"branchMap":{"0":{"loc":{"start":{"line":7,"column":45},"end":{"line":7,"column":81}},"type":"cond-expr","locations":[{"start":{"line":7,"column":65},"end":{"line":7,"column":71}},{"start":{"line":7,"column":74},"end":{"line":7,"column":81}}]}},"s":{"0":3,"1":3,"2":0,"3":0,"4":3},"f":{"0":0},"b":{"0":[0,0]}}
,"/home/ya/Downloads/react2024q3/src/widgets/card/Card.tsx": {"path":"/home/ya/Downloads/react2024q3/src/widgets/card/Card.tsx","statementMap":{"0":{"start":{"line":1,"column":0},"end":{"line":1,"column":39}},"1":{"start":{"line":2,"column":0},"end":{"line":2,"column":77}},"2":{"start":{"line":3,"column":0},"end":{"line":3,"column":52}},"3":{"start":{"line":4,"column":0},"end":{"line":4,"column":42}},"4":{"start":{"line":6,"column":0},"end":{"line":6,"column":64}},"5":{"start":{"line":12,"column":13},"end":{"line":46,"column":1}},"6":{"start":{"line":13,"column":27},"end":{"line":13,"column":77}},"7":{"start":{"line":13,"column":53},"end":{"line":13,"column":76}},"8":{"start":{"line":14,"column":25},"end":{"line":14,"column":78}},"9":{"start":{"line":14,"column":51},"end":{"line":14,"column":77}},"10":{"start":{"line":16,"column":19},"end":{"line":16,"column":32}},"11":{"start":{"line":17,"column":27},"end":{"line":17,"column":83}},"12":{"start":{"line":17,"column":59},"end":{"line":17,"column":82}},"13":{"start":{"line":19,"column":23},"end":{"line":25,"column":3}},"14":{"start":{"line":20,"column":4},"end":{"line":24,"column":5}},"15":{"start":{"line":21,"column":6},"end":{"line":21,"column":90}},"16":{"start":{"line":21,"column":64},"end":{"line":21,"column":86}},"17":{"start":{"line":23,"column":6},"end":{"line":23,"column":56}},"18":{"start":{"line":27,"column":22},"end":{"line":32,"column":3}},"19":{"start":{"line":28,"column":4},"end":{"line":31,"column":5}},"20":{"start":{"line":29,"column":6},"end":{"line":29,"column":35}},"21":{"start":{"line":30,"column":6},"end":{"line":30,"column":34}},"22":{"start":{"line":34,"column":2},"end":{"line":45,"column":4}},"23":{"start":{"line":35,"column":50},"end":{"line":35,"column":69}},"24":{"start":{"line":48,"column":0},"end":{"line":48,"column":20}}},"fnMap":{"0":{"name":"(anonymous_1)","decl":{"start":{"line":12,"column":13},"end":{"line":12,"column":14}},"loc":{"start":{"line":12,"column":31},"end":{"line":46,"column":1}}},"1":{"name":"(anonymous_2)","decl":{"start":{"line":13,"column":42},"end":{"line":13,"column":43}},"loc":{"start":{"line":13,"column":53},"end":{"line":13,"column":76}}},"2":{"name":"(anonymous_3)","decl":{"start":{"line":14,"column":40},"end":{"line":14,"column":41}},"loc":{"start":{"line":14,"column":51},"end":{"line":14,"column":77}}},"3":{"name":"(anonymous_4)","decl":{"start":{"line":17,"column":47},"end":{"line":17,"column":48}},"loc":{"start":{"line":17,"column":59},"end":{"line":17,"column":82}}},"4":{"name":"(anonymous_5)","decl":{"start":{"line":19,"column":23},"end":{"line":19,"column":26}},"loc":{"start":{"line":19,"column":28},"end":{"line":25,"column":3}}},"5":{"name":"(anonymous_6)","decl":{"start":{"line":21,"column":52},"end":{"line":21,"column":53}},"loc":{"start":{"line":21,"column":64},"end":{"line":21,"column":86}}},"6":{"name":"(anonymous_7)","decl":{"start":{"line":27,"column":22},"end":{"line":27,"column":23}},"loc":{"start":{"line":27,"column":38},"end":{"line":32,"column":3}}},"7":{"name":"(anonymous_8)","decl":{"start":{"line":35,"column":44},"end":{"line":35,"column":47}},"loc":{"start":{"line":35,"column":50},"end":{"line":35,"column":69}}}},"branchMap":{"0":{"loc":{"start":{"line":20,"column":4},"end":{"line":24,"column":5}},"type":"if","locations":[{"start":{"line":20,"column":4},"end":{"line":24,"column":5}},{"start":{"line":22,"column":11},"end":{"line":24,"column":5}}]},"1":{"loc":{"start":{"line":28,"column":4},"end":{"line":31,"column":5}},"type":"if","locations":[{"start":{"line":28,"column":4},"end":{"line":31,"column":5}}]}},"s":{"0":4,"1":4,"2":4,"3":4,"4":4,"5":4,"6":2,"7":4,"8":2,"9":4,"10":2,"11":2,"12":0,"13":2,"14":1,"15":0,"16":0,"17":1,"18":2,"19":3,"20":3,"21":3,"22":2,"23":3,"24":4},"f":{"0":2,"1":4,"2":4,"3":0,"4":1,"5":0,"6":3,"7":3},"b":{"0":[0,1],"1":[3]}}
,"/home/ya/Downloads/react2024q3/src/widgets/cardDetails/CardDetails.tsx": {"path":"/home/ya/Downloads/react2024q3/src/widgets/cardDetails/CardDetails.tsx","statementMap":{"0":{"start":{"line":1,"column":0},"end":{"line":1,"column":42}},"1":{"start":{"line":2,"column":0},"end":{"line":2,"column":52}},"2":{"start":{"line":3,"column":0},"end":{"line":3,"column":46}},"3":{"start":{"line":4,"column":0},"end":{"line":4,"column":50}},"4":{"start":{"line":5,"column":0},"end":{"line":5,"column":66}},"5":{"start":{"line":7,"column":20},"end":{"line":54,"column":1}},"6":{"start":{"line":8,"column":27},"end":{"line":8,"column":77}},"7":{"start":{"line":8,"column":53},"end":{"line":8,"column":76}},"8":{"start":{"line":9,"column":20},"end":{"line":9,"column":70}},"9":{"start":{"line":9,"column":46},"end":{"line":9,"column":69}},"10":{"start":{"line":10,"column":19},"end":{"line":10,"column":32}},"11":{"start":{"line":12,"column":38},"end":{"line":14,"column":4}},"12":{"start":{"line":16,"column":22},"end":{"line":20,"column":3}},"13":{"start":{"line":17,"column":4},"end":{"line":19,"column":5}},"14":{"start":{"line":18,"column":6},"end":{"line":18,"column":36}},"15":{"start":{"line":22,"column":2},"end":{"line":53,"column":3}},"16":{"start":{"line":23,"column":4},"end":{"line":50,"column":6}},"17":{"start":{"line":52,"column":4},"end":{"line":52,"column":17}},"18":{"start":{"line":56,"column":0},"end":{"line":56,"column":27}}},"fnMap":{"0":{"name":"(anonymous_1)","decl":{"start":{"line":7,"column":20},"end":{"line":7,"column":23}},"loc":{"start":{"line":7,"column":25},"end":{"line":54,"column":1}}},"1":{"name":"(anonymous_2)","decl":{"start":{"line":8,"column":42},"end":{"line":8,"column":43}},"loc":{"start":{"line":8,"column":53},"end":{"line":8,"column":76}}},"2":{"name":"(anonymous_3)","decl":{"start":{"line":9,"column":35},"end":{"line":9,"column":36}},"loc":{"start":{"line":9,"column":46},"end":{"line":9,"column":69}}},"3":{"name":"(anonymous_4)","decl":{"start":{"line":16,"column":22},"end":{"line":16,"column":25}},"loc":{"start":{"line":16,"column":27},"end":{"line":20,"column":3}}}},"branchMap":{"0":{"loc":{"start":{"line":17,"column":4},"end":{"line":19,"column":5}},"type":"if","locations":[{"start":{"line":17,"column":4},"end":{"line":19,"column":5}}]},"1":{"loc":{"start":{"line":22,"column":2},"end":{"line":53,"column":3}},"type":"if","locations":[{"start":{"line":22,"column":2},"end":{"line":53,"column":3}},{"start":{"line":51,"column":9},"end":{"line":53,"column":3}}]},"2":{"loc":{"start":{"line":25,"column":9},"end":{"line":47,"column":null}},"type":"cond-expr","locations":[{"start":{"line":26,"column":10},"end":{"line":26,"column":27}},{"start":{"line":27,"column":12},"end":{"line":47,"column":null}}]},"3":{"loc":{"start":{"line":27,"column":12},"end":{"line":47,"column":null}},"type":"cond-expr","locations":[{"start":{"line":28,"column":10},"end":{"line":28,"column":59}},{"start":{"line":47,"column":10},"end":{"line":47,"column":31}}]}},"s":{"0":4,"1":4,"2":4,"3":4,"4":4,"5":4,"6":4,"7":8,"8":4,"9":8,"10":4,"11":4,"12":4,"13":2,"14":2,"15":4,"16":4,"17":0,"18":4},"f":{"0":4,"1":8,"2":8,"3":2},"b":{"0":[2],"1":[4,0],"2":[1,3],"3":[2,1]}}
,"/home/ya/Downloads/react2024q3/src/widgets/cardList/CardList.tsx": {"path":"/home/ya/Downloads/react2024q3/src/widgets/cardList/CardList.tsx","statementMap":{"0":{"start":{"line":12,"column":0},"end":{"line":12,"column":24}},"1":{"start":{"line":1,"column":0},"end":{"line":1,"column":34}},"2":{"start":{"line":3,"column":0},"end":{"line":3,"column":66}},"3":{"start":{"line":4,"column":0},"end":{"line":4,"column":52}},"4":{"start":{"line":5,"column":0},"end":{"line":5,"column":39}},"5":{"start":{"line":6,"column":0},"end":{"line":6,"column":43}},"6":{"start":{"line":7,"column":0},"end":{"line":7,"column":51}},"7":{"start":{"line":8,"column":0},"end":{"line":8,"column":42}},"8":{"start":{"line":9,"column":0},"end":{"line":9,"column":62}},"9":{"start":{"line":10,"column":0},"end":{"line":10,"column":27}},"10":{"start":{"line":13,"column":22},"end":{"line":13,"column":78}},"11":{"start":{"line":13,"column":48},"end":{"line":13,"column":77}},"12":{"start":{"line":14,"column":28},"end":{"line":14,"column":89}},"13":{"start":{"line":14,"column":54},"end":{"line":14,"column":88}},"14":{"start":{"line":15,"column":19},"end":{"line":15,"column":32}},"15":{"start":{"line":17,"column":33},"end":{"line":17,"column":50}},"16":{"start":{"line":18,"column":2},"end":{"line":20,"column":59}},"17":{"start":{"line":19,"column":4},"end":{"line":19,"column":74}},"18":{"start":{"line":22,"column":42},"end":{"line":25,"column":4}},"19":{"start":{"line":27,"column":2},"end":{"line":31,"column":29}},"20":{"start":{"line":28,"column":4},"end":{"line":30,"column":5}},"21":{"start":{"line":29,"column":6},"end":{"line":29,"column":64}},"22":{"start":{"line":33,"column":2},"end":{"line":54,"column":4}},"23":{"start":{"line":41,"column":53},"end":{"line":41,"column":83}}},"fnMap":{"0":{"name":"CardList","decl":{"start":{"line":12,"column":24},"end":{"line":12,"column":32}},"loc":{"start":{"line":12,"column":32},"end":{"line":55,"column":1}}},"1":{"name":"(anonymous_2)","decl":{"start":{"line":13,"column":37},"end":{"line":13,"column":38}},"loc":{"start":{"line":13,"column":48},"end":{"line":13,"column":77}}},"2":{"name":"(anonymous_3)","decl":{"start":{"line":14,"column":43},"end":{"line":14,"column":44}},"loc":{"start":{"line":14,"column":54},"end":{"line":14,"column":88}}},"3":{"name":"(anonymous_4)","decl":{"start":{"line":18,"column":12},"end":{"line":18,"column":15}},"loc":{"start":{"line":18,"column":17},"end":{"line":20,"column":3}}},"4":{"name":"(anonymous_5)","decl":{"start":{"line":27,"column":12},"end":{"line":27,"column":15}},"loc":{"start":{"line":27,"column":17},"end":{"line":31,"column":3}}},"5":{"name":"(anonymous_6)","decl":{"start":{"line":41,"column":37},"end":{"line":41,"column":38}},"loc":{"start":{"line":41,"column":53},"end":{"line":41,"column":83}}}},"branchMap":{"0":{"loc":{"start":{"line":28,"column":4},"end":{"line":30,"column":5}},"type":"if","locations":[{"start":{"line":28,"column":4},"end":{"line":30,"column":5}}]},"1":{"loc":{"start":{"line":35,"column":7},"end":{"line":51,"column":null}},"type":"cond-expr","locations":[{"start":{"line":36,"column":8},"end":{"line":36,"column":31}},{"start":{"line":38,"column":8},"end":{"line":50,"column":null}}]},"2":{"loc":{"start":{"line":40,"column":13},"end":{"line":43,"column":null}},"type":"cond-expr","locations":[{"start":{"line":41,"column":14},"end":{"line":41,"column":84}},{"start":{"line":43,"column":14},"end":{"line":43,"column":29}}]},"3":{"loc":{"start":{"line":40,"column":13},"end":{"line":40,"column":52}},"type":"binary-expr","locations":[{"start":{"line":40,"column":13},"end":{"line":40,"column":23}},{"start":{"line":40,"column":27},"end":{"line":40,"column":52}}]},"4":{"loc":{"start":{"line":46,"column":11},"end":{"line":49,"column":null}},"type":"cond-expr","locations":[{"start":{"line":47,"column":12},"end":{"line":47,"column":26}},{"start":{"line":49,"column":12},"end":{"line":49,"column":82}}]},"5":{"loc":{"start":{"line":46,"column":11},"end":{"line":46,"column":50}},"type":"binary-expr","locations":[{"start":{"line":46,"column":11},"end":{"line":46,"column":21}},{"start":{"line":46,"column":25},"end":{"line":46,"column":50}}]}},"s":{"0":3,"1":3,"2":3,"3":3,"4":3,"5":3,"6":3,"7":3,"8":3,"9":3,"10":0,"11":0,"12":0,"13":0,"14":0,"15":0,"16":0,"17":0,"18":0,"19":0,"20":0,"21":0,"22":0,"23":0},"f":{"0":0,"1":0,"2":0,"3":0,"4":0,"5":0},"b":{"0":[0],"1":[0,0],"2":[0,0],"3":[0,0],"4":[0,0],"5":[0,0]}}
,"/home/ya/Downloads/react2024q3/src/widgets/errorComponent/ErrorComponent.tsx": {"path":"/home/ya/Downloads/react2024q3/src/widgets/errorComponent/ErrorComponent.tsx","statementMap":{"0":{"start":{"line":1,"column":0},"end":{"line":1,"column":34}},"1":{"start":{"line":3,"column":23},"end":{"line":9,"column":1}},"2":{"start":{"line":4,"column":2},"end":{"line":6,"column":9}},"3":{"start":{"line":5,"column":4},"end":{"line":5,"column":53}},"4":{"start":{"line":8,"column":2},"end":{"line":8,"column":14}},"5":{"start":{"line":11,"column":0},"end":{"line":11,"column":30}}},"fnMap":{"0":{"name":"(anonymous_0)","decl":{"start":{"line":3,"column":23},"end":{"line":3,"column":26}},"loc":{"start":{"line":3,"column":28},"end":{"line":9,"column":1}}},"1":{"name":"(anonymous_1)","decl":{"start":{"line":4,"column":12},"end":{"line":4,"column":15}},"loc":{"start":{"line":4,"column":17},"end":{"line":6,"column":3}}}},"branchMap":{},"s":{"0":3,"1":3,"2":2,"3":1,"4":1,"5":3},"f":{"0":2,"1":1},"b":{}}
,"/home/ya/Downloads/react2024q3/src/widgets/fallbackUI/FallbackUI.tsx": {"path":"/home/ya/Downloads/react2024q3/src/widgets/fallbackUI/FallbackUI.tsx","statementMap":{"0":{"start":{"line":1,"column":0},"end":{"line":1,"column":45}},"1":{"start":{"line":3,"column":20},"end":{"line":5,"column":1}},"2":{"start":{"line":4,"column":2},"end":{"line":4,"column":29}},"3":{"start":{"line":7,"column":19},"end":{"line":22,"column":1}},"4":{"start":{"line":8,"column":2},"end":{"line":21,"column":4}},"5":{"start":{"line":24,"column":0},"end":{"line":24,"column":26}}},"fnMap":{"0":{"name":"(anonymous_1)","decl":{"start":{"line":3,"column":20},"end":{"line":3,"column":23}},"loc":{"start":{"line":3,"column":25},"end":{"line":5,"column":1}}},"1":{"name":"(anonymous_2)","decl":{"start":{"line":7,"column":19},"end":{"line":7,"column":22}},"loc":{"start":{"line":7,"column":24},"end":{"line":22,"column":1}}}},"branchMap":{},"s":{"0":3,"1":3,"2":0,"3":3,"4":0,"5":3},"f":{"0":0,"1":0},"b":{}}
,"/home/ya/Downloads/react2024q3/src/widgets/flyoutElement/FlyoutElement.tsx": {"path":"/home/ya/Downloads/react2024q3/src/widgets/flyoutElement/FlyoutElement.tsx","statementMap":{"0":{"start":{"line":1,"column":0},"end":{"line":1,"column":42}},"1":{"start":{"line":2,"column":0},"end":{"line":2,"column":52}},"2":{"start":{"line":3,"column":0},"end":{"line":3,"column":48}},"3":{"start":{"line":4,"column":0},"end":{"line":4,"column":49}},"4":{"start":{"line":5,"column":0},"end":{"line":5,"column":36}},"5":{"start":{"line":7,"column":22},"end":{"line":26,"column":1}},"6":{"start":{"line":8,"column":25},"end":{"line":8,"column":78}},"7":{"start":{"line":8,"column":51},"end":{"line":8,"column":77}},"8":{"start":{"line":9,"column":19},"end":{"line":9,"column":32}},"9":{"start":{"line":11,"column":25},"end":{"line":13,"column":3}},"10":{"start":{"line":12,"column":4},"end":{"line":12,"column":33}},"11":{"start":{"line":15,"column":2},"end":{"line":25,"column":4}},"12":{"start":{"line":28,"column":0},"end":{"line":28,"column":29}}},"fnMap":{"0":{"name":"(anonymous_1)","decl":{"start":{"line":7,"column":22},"end":{"line":7,"column":25}},"loc":{"start":{"line":7,"column":27},"end":{"line":26,"column":1}}},"1":{"name":"(anonymous_2)","decl":{"start":{"line":8,"column":40},"end":{"line":8,"column":41}},"loc":{"start":{"line":8,"column":51},"end":{"line":8,"column":77}}},"2":{"name":"(anonymous_3)","decl":{"start":{"line":11,"column":25},"end":{"line":11,"column":28}},"loc":{"start":{"line":11,"column":30},"end":{"line":13,"column":3}}}},"branchMap":{},"s":{"0":3,"1":3,"2":3,"3":3,"4":3,"5":3,"6":0,"7":0,"8":0,"9":0,"10":0,"11":0,"12":3},"f":{"0":0,"1":0,"2":0},"b":{}}
,"/home/ya/Downloads/react2024q3/src/widgets/header/Header.tsx": {"path":"/home/ya/Downloads/react2024q3/src/widgets/header/Header.tsx","statementMap":{"0":{"start":{"line":1,"column":0},"end":{"line":1,"column":59}},"1":{"start":{"line":2,"column":0},"end":{"line":2,"column":37}},"2":{"start":{"line":3,"column":0},"end":{"line":3,"column":41}},"3":{"start":{"line":5,"column":15},"end":{"line":13,"column":1}},"4":{"start":{"line":6,"column":2},"end":{"line":12,"column":4}},"5":{"start":{"line":15,"column":0},"end":{"line":15,"column":22}}},"fnMap":{"0":{"name":"(anonymous_1)","decl":{"start":{"line":5,"column":15},"end":{"line":5,"column":18}},"loc":{"start":{"line":5,"column":20},"end":{"line":13,"column":1}}}},"branchMap":{},"s":{"0":3,"1":3,"2":3,"3":3,"4":0,"5":3},"f":{"0":0},"b":{}}
,"/home/ya/Downloads/react2024q3/src/widgets/pagination/Pagination.tsx": {"path":"/home/ya/Downloads/react2024q3/src/widgets/pagination/Pagination.tsx","statementMap":{"0":{"start":{"line":1,"column":0},"end":{"line":1,"column":68}},"1":{"start":{"line":2,"column":0},"end":{"line":2,"column":45}},"2":{"start":{"line":3,"column":0},"end":{"line":3,"column":57}},"3":{"start":{"line":5,"column":19},"end":{"line":35,"column":1}},"4":{"start":{"line":6,"column":19},"end":{"line":6,"column":35}},"5":{"start":{"line":7,"column":28},"end":{"line":7,"column":89}},"6":{"start":{"line":7,"column":54},"end":{"line":7,"column":88}},"7":{"start":{"line":8,"column":21},"end":{"line":8,"column":75}},"8":{"start":{"line":8,"column":47},"end":{"line":8,"column":74}},"9":{"start":{"line":10,"column":26},"end":{"line":14,"column":3}},"10":{"start":{"line":11,"column":4},"end":{"line":13,"column":5}},"11":{"start":{"line":12,"column":6},"end":{"line":12,"column":60}},"12":{"start":{"line":16,"column":22},"end":{"line":20,"column":3}},"13":{"start":{"line":17,"column":4},"end":{"line":19,"column":5}},"14":{"start":{"line":18,"column":6},"end":{"line":18,"column":60}},"15":{"start":{"line":22,"column":2},"end":{"line":34,"column":4}},"16":{"start":{"line":37,"column":0},"end":{"line":37,"column":26}}},"fnMap":{"0":{"name":"(anonymous_1)","decl":{"start":{"line":5,"column":19},"end":{"line":5,"column":22}},"loc":{"start":{"line":5,"column":24},"end":{"line":35,"column":1}}},"1":{"name":"(anonymous_2)","decl":{"start":{"line":7,"column":43},"end":{"line":7,"column":44}},"loc":{"start":{"line":7,"column":54},"end":{"line":7,"column":88}}},"2":{"name":"(anonymous_3)","decl":{"start":{"line":8,"column":36},"end":{"line":8,"column":37}},"loc":{"start":{"line":8,"column":47},"end":{"line":8,"column":74}}},"3":{"name":"(anonymous_4)","decl":{"start":{"line":10,"column":26},"end":{"line":10,"column":29}},"loc":{"start":{"line":10,"column":31},"end":{"line":14,"column":3}}},"4":{"name":"(anonymous_5)","decl":{"start":{"line":16,"column":22},"end":{"line":16,"column":25}},"loc":{"start":{"line":16,"column":27},"end":{"line":20,"column":3}}}},"branchMap":{"0":{"loc":{"start":{"line":11,"column":4},"end":{"line":13,"column":5}},"type":"if","locations":[{"start":{"line":11,"column":4},"end":{"line":13,"column":5}}]},"1":{"loc":{"start":{"line":17,"column":4},"end":{"line":19,"column":5}},"type":"if","locations":[{"start":{"line":17,"column":4},"end":{"line":19,"column":5}}]}},"s":{"0":4,"1":4,"2":4,"3":4,"4":5,"5":5,"6":5,"7":5,"8":5,"9":5,"10":2,"11":1,"12":5,"13":2,"14":1,"15":5,"16":4},"f":{"0":5,"1":5,"2":5,"3":2,"4":2},"b":{"0":[1],"1":[1]}}
,"/home/ya/Downloads/react2024q3/src/widgets/searchBar/SearchBar.tsx": {"path":"/home/ya/Downloads/react2024q3/src/widgets/searchBar/SearchBar.tsx","statementMap":{"0":{"start":{"line":1,"column":0},"end":{"line":1,"column":44}},"1":{"start":{"line":2,"column":0},"end":{"line":2,"column":60}},"2":{"start":{"line":4,"column":18},"end":{"line":11,"column":1}},"3":{"start":{"line":5,"column":2},"end":{"line":10,"column":4}},"4":{"start":{"line":6,"column":31},"end":{"line":6,"column":53}},"5":{"start":{"line":13,"column":0},"end":{"line":13,"column":25}}},"fnMap":{"0":{"name":"(anonymous_1)","decl":{"start":{"line":4,"column":18},"end":{"line":4,"column":21}},"loc":{"start":{"line":4,"column":23},"end":{"line":11,"column":1}}},"1":{"name":"(anonymous_2)","decl":{"start":{"line":6,"column":20},"end":{"line":6,"column":21}},"loc":{"start":{"line":6,"column":31},"end":{"line":6,"column":53}}}},"branchMap":{},"s":{"0":3,"1":3,"2":3,"3":0,"4":0,"5":3},"f":{"0":0,"1":0},"b":{}}
}
