{"/home/ya/Downloads/react2024q3/src/features/errorBoundary/ErrorBoundary.tsx": {"path":"/home/ya/Downloads/react2024q3/src/features/errorBoundary/ErrorBoundary.tsx","statementMap":{"0":{"start":{"line":1,"column":0},"end":{"line":1,"column":26}},"1":{"start":{"line":2,"column":0},"end":{"line":2,"column":43}},"2":{"start":{"line":14,"column":4},"end":{"line":14,"column":17}},"3":{"start":{"line":15,"column":4},"end":{"line":15,"column":37}},"4":{"start":{"line":19,"column":4},"end":{"line":19,"column":30}},"5":{"start":{"line":23,"column":4},"end":{"line":25,"column":5}},"6":{"start":{"line":24,"column":6},"end":{"line":24,"column":28}},"7":{"start":{"line":26,"column":4},"end":{"line":26,"column":31}},"8":{"start":{"line":12,"column":0},"end":{"line":12,"column":21}}},"fnMap":{"0":{"name":"(anonymous_1)","decl":{"start":{"line":13,"column":2},"end":{"line":13,"column":14}},"loc":{"start":{"line":13,"column":39},"end":{"line":16,"column":3}}},"1":{"name":"(anonymous_2)","decl":{"start":{"line":18,"column":2},"end":{"line":18,"column":8}},"loc":{"start":{"line":18,"column":33},"end":{"line":20,"column":3}}},"2":{"name":"(anonymous_3)","decl":{"start":{"line":22,"column":2},"end":{"line":22,"column":8}},"loc":{"start":{"line":22,"column":8},"end":{"line":27,"column":3}}}},"branchMap":{"0":{"loc":{"start":{"line":23,"column":4},"end":{"line":25,"column":5}},"type":"if","locations":[{"start":{"line":23,"column":4},"end":{"line":25,"column":5}}]}},"s":{"0":1,"1":1,"2":4,"3":3,"4":2,"5":5,"6":2,"7":3,"8":1},"f":{"0":4,"1":2,"2":5},"b":{"0":[2]}}
,"/home/ya/Downloads/react2024q3/src/features/theme/ThemeContext.tsx": {"path":"/home/ya/Downloads/react2024q3/src/features/theme/ThemeContext.tsx","statementMap":{"0":{"start":{"line":1,"column":0},"end":{"line":1,"column":77}},"1":{"start":{"line":10,"column":21},"end":{"line":10,"column":76}},"2":{"start":{"line":26,"column":24},"end":{"line":26,"column":36}},"3":{"start":{"line":12,"column":57},"end":{"line":24,"column":1}},"4":{"start":{"line":13,"column":28},"end":{"line":13,"column":52}},"5":{"start":{"line":15,"column":2},"end":{"line":17,"column":14}},"6":{"start":{"line":16,"column":4},"end":{"line":16,"column":36}},"7":{"start":{"line":19,"column":22},"end":{"line":21,"column":3}},"8":{"start":{"line":20,"column":4},"end":{"line":20,"column":72}},"9":{"start":{"line":20,"column":29},"end":{"line":20,"column":69}},"10":{"start":{"line":23,"column":2},"end":{"line":23,"column":98}},"11":{"start":{"line":26,"column":9},"end":{"line":26,"column":22}}},"fnMap":{"0":{"name":"(anonymous_0)","decl":{"start":{"line":12,"column":57},"end":{"line":12,"column":58}},"loc":{"start":{"line":12,"column":74},"end":{"line":24,"column":1}}},"1":{"name":"(anonymous_1)","decl":{"start":{"line":15,"column":12},"end":{"line":15,"column":15}},"loc":{"start":{"line":15,"column":17},"end":{"line":17,"column":3}}},"2":{"name":"(anonymous_2)","decl":{"start":{"line":19,"column":22},"end":{"line":19,"column":25}},"loc":{"start":{"line":19,"column":27},"end":{"line":21,"column":3}}},"3":{"name":"(anonymous_3)","decl":{"start":{"line":20,"column":13},"end":{"line":20,"column":14}},"loc":{"start":{"line":20,"column":29},"end":{"line":20,"column":69}}}},"branchMap":{"0":{"loc":{"start":{"line":20,"column":29},"end":{"line":20,"column":69}},"type":"cond-expr","locations":[{"start":{"line":20,"column":53},"end":{"line":20,"column":59}},{"start":{"line":20,"column":62},"end":{"line":20,"column":69}}]}},"s":{"0":6,"1":6,"2":6,"3":6,"4":7,"5":7,"6":7,"7":7,"8":3,"9":3,"10":7,"11":6},"f":{"0":7,"1":7,"2":3,"3":3},"b":{"0":[2,1]}}
,"/home/ya/Downloads/react2024q3/src/pages/404.tsx": {"path":"/home/ya/Downloads/react2024q3/src/pages/404.tsx","statementMap":{"0":{"start":{"line":1,"column":0},"end":{"line":1,"column":24}},"1":{"start":{"line":2,"column":22},"end":{"line":4,"column":3}},"2":{"start":{"line":3,"column":4},"end":{"line":3,"column":31}},"3":{"start":{"line":6,"column":2},"end":{"line":17,"column":4}}},"fnMap":{"0":{"name":"Page404","decl":{"start":{"line":1,"column":24},"end":{"line":1,"column":31}},"loc":{"start":{"line":1,"column":31},"end":{"line":18,"column":1}}},"1":{"name":"(anonymous_1)","decl":{"start":{"line":2,"column":22},"end":{"line":2,"column":25}},"loc":{"start":{"line":2,"column":27},"end":{"line":4,"column":3}}}},"branchMap":{},"s":{"0":1,"1":2,"2":1,"3":2},"f":{"0":2,"1":1},"b":{}}
,"/home/ya/Downloads/react2024q3/src/pages/_app.tsx": {"path":"/home/ya/Downloads/react2024q3/src/pages/_app.tsx","statementMap":{"0":{"start":{"line":8,"column":0},"end":{"line":8,"column":24}},"1":{"start":{"line":1,"column":0},"end":{"line":1,"column":43}},"2":{"start":{"line":2,"column":0},"end":{"line":2,"column":49}},"3":{"start":{"line":3,"column":0},"end":{"line":3,"column":32}},"4":{"start":{"line":4,"column":0},"end":{"line":4,"column":30}},"5":{"start":{"line":6,"column":0},"end":{"line":6,"column":39}},"6":{"start":{"line":9,"column":2},"end":{"line":17,"column":4}}},"fnMap":{"0":{"name":"App","decl":{"start":{"line":8,"column":24},"end":{"line":8,"column":27}},"loc":{"start":{"line":8,"column":62},"end":{"line":18,"column":1}}}},"branchMap":{},"s":{"0":0,"1":0,"2":0,"3":0,"4":0,"5":0,"6":0},"f":{"0":0},"b":{}}
,"/home/ya/Downloads/react2024q3/src/pages/_document.tsx": {"path":"/home/ya/Downloads/react2024q3/src/pages/_document.tsx","statementMap":{"0":{"start":{"line":3,"column":0},"end":{"line":3,"column":24}},"1":{"start":{"line":1,"column":0},"end":{"line":1,"column":61}},"2":{"start":{"line":4,"column":2},"end":{"line":12,"column":4}}},"fnMap":{"0":{"name":"Document","decl":{"start":{"line":3,"column":24},"end":{"line":3,"column":32}},"loc":{"start":{"line":3,"column":32},"end":{"line":13,"column":1}}}},"branchMap":{},"s":{"0":0,"1":0,"2":0},"f":{"0":0},"b":{}}
,"/home/ya/Downloads/react2024q3/src/pages/error.tsx": {"path":"/home/ya/Downloads/react2024q3/src/pages/error.tsx","statementMap":{"0":{"start":{"line":3,"column":0},"end":{"line":3,"column":24}},"1":{"start":{"line":1,"column":0},"end":{"line":1,"column":43}},"2":{"start":{"line":4,"column":2},"end":{"line":4,"column":28}}},"fnMap":{"0":{"name":"PageError","decl":{"start":{"line":3,"column":24},"end":{"line":3,"column":33}},"loc":{"start":{"line":3,"column":33},"end":{"line":5,"column":1}}}},"branchMap":{},"s":{"0":1,"1":1,"2":2},"f":{"0":2},"b":{}}
,"/home/ya/Downloads/react2024q3/src/pages/index.tsx": {"path":"/home/ya/Downloads/react2024q3/src/pages/index.tsx","statementMap":{"0":{"start":{"line":5,"column":0},"end":{"line":5,"column":24}},"1":{"start":{"line":1,"column":0},"end":{"line":1,"column":51}},"2":{"start":{"line":2,"column":0},"end":{"line":2,"column":60}},"3":{"start":{"line":3,"column":0},"end":{"line":3,"column":50}},"4":{"start":{"line":6,"column":2},"end":{"line":15,"column":4}}},"fnMap":{"0":{"name":"PageMain","decl":{"start":{"line":5,"column":24},"end":{"line":5,"column":32}},"loc":{"start":{"line":5,"column":32},"end":{"line":16,"column":1}}}},"branchMap":{},"s":{"0":1,"1":1,"2":1,"3":1,"4":1},"f":{"0":1},"b":{}}
,"/home/ya/Downloads/react2024q3/src/shared/ui/errorButton/ErrorButton.tsx": {"path":"/home/ya/Downloads/react2024q3/src/shared/ui/errorButton/ErrorButton.tsx","statementMap":{"0":{"start":{"line":1,"column":20},"end":{"line":11,"column":1}},"1":{"start":{"line":2,"column":22},"end":{"line":4,"column":3}},"2":{"start":{"line":3,"column":4},"end":{"line":3,"column":36}},"3":{"start":{"line":6,"column":2},"end":{"line":10,"column":4}},"4":{"start":{"line":13,"column":0},"end":{"line":13,"column":27}}},"fnMap":{"0":{"name":"(anonymous_0)","decl":{"start":{"line":1,"column":20},"end":{"line":1,"column":23}},"loc":{"start":{"line":1,"column":25},"end":{"line":11,"column":1}}},"1":{"name":"(anonymous_1)","decl":{"start":{"line":2,"column":22},"end":{"line":2,"column":25}},"loc":{"start":{"line":2,"column":27},"end":{"line":4,"column":3}}}},"branchMap":{},"s":{"0":2,"1":1,"2":0,"3":1,"4":2},"f":{"0":1,"1":0},"b":{}}
,"/home/ya/Downloads/react2024q3/src/shared/ui/searchButton/SearchButton.tsx": {"path":"/home/ya/Downloads/react2024q3/src/shared/ui/searchButton/SearchButton.tsx","statementMap":{"0":{"start":{"line":1,"column":0},"end":{"line":1,"column":83}},"1":{"start":{"line":2,"column":0},"end":{"line":2,"column":61}},"2":{"start":{"line":3,"column":0},"end":{"line":3,"column":59}},"3":{"start":{"line":5,"column":21},"end":{"line":22,"column":1}},"4":{"start":{"line":6,"column":27},"end":{"line":6,"column":83}},"5":{"start":{"line":6,"column":53},"end":{"line":6,"column":82}},"6":{"start":{"line":7,"column":22},"end":{"line":7,"column":78}},"7":{"start":{"line":7,"column":48},"end":{"line":7,"column":77}},"8":{"start":{"line":8,"column":19},"end":{"line":8,"column":35}},"9":{"start":{"line":10,"column":22},"end":{"line":15,"column":3}},"10":{"start":{"line":11,"column":4},"end":{"line":14,"column":5}},"11":{"start":{"line":12,"column":6},"end":{"line":12,"column":48}},"12":{"start":{"line":13,"column":6},"end":{"line":13,"column":40}},"13":{"start":{"line":17,"column":2},"end":{"line":21,"column":4}},"14":{"start":{"line":24,"column":0},"end":{"line":24,"column":28}}},"fnMap":{"0":{"name":"(anonymous_0)","decl":{"start":{"line":5,"column":21},"end":{"line":5,"column":24}},"loc":{"start":{"line":5,"column":26},"end":{"line":22,"column":1}}},"1":{"name":"(anonymous_1)","decl":{"start":{"line":6,"column":42},"end":{"line":6,"column":43}},"loc":{"start":{"line":6,"column":53},"end":{"line":6,"column":82}}},"2":{"name":"(anonymous_2)","decl":{"start":{"line":7,"column":37},"end":{"line":7,"column":38}},"loc":{"start":{"line":7,"column":48},"end":{"line":7,"column":77}}},"3":{"name":"(anonymous_3)","decl":{"start":{"line":10,"column":22},"end":{"line":10,"column":25}},"loc":{"start":{"line":10,"column":27},"end":{"line":15,"column":3}}}},"branchMap":{"0":{"loc":{"start":{"line":11,"column":4},"end":{"line":14,"column":5}},"type":"if","locations":[{"start":{"line":11,"column":4},"end":{"line":14,"column":5}}]}},"s":{"0":3,"1":3,"2":3,"3":3,"4":2,"5":3,"6":2,"7":3,"8":2,"9":2,"10":1,"11":1,"12":1,"13":2,"14":3},"f":{"0":2,"1":3,"2":3,"3":1},"b":{"0":[1]}}
,"/home/ya/Downloads/react2024q3/src/shared/ui/searchInput/SearchInput.tsx": {"path":"/home/ya/Downloads/react2024q3/src/shared/ui/searchInput/SearchInput.tsx","statementMap":{"0":{"start":{"line":1,"column":0},"end":{"line":1,"column":62}},"1":{"start":{"line":2,"column":0},"end":{"line":2,"column":47}},"2":{"start":{"line":4,"column":20},"end":{"line":21,"column":1}},"3":{"start":{"line":5,"column":19},"end":{"line":5,"column":35}},"4":{"start":{"line":6,"column":27},"end":{"line":6,"column":83}},"5":{"start":{"line":6,"column":53},"end":{"line":6,"column":82}},"6":{"start":{"line":8,"column":23},"end":{"line":10,"column":3}},"7":{"start":{"line":9,"column":4},"end":{"line":9,"column":49}},"8":{"start":{"line":12,"column":2},"end":{"line":20,"column":4}},"9":{"start":{"line":23,"column":0},"end":{"line":23,"column":27}}},"fnMap":{"0":{"name":"(anonymous_0)","decl":{"start":{"line":4,"column":20},"end":{"line":4,"column":23}},"loc":{"start":{"line":4,"column":25},"end":{"line":21,"column":1}}},"1":{"name":"(anonymous_1)","decl":{"start":{"line":6,"column":42},"end":{"line":6,"column":43}},"loc":{"start":{"line":6,"column":53},"end":{"line":6,"column":82}}},"2":{"name":"(anonymous_2)","decl":{"start":{"line":8,"column":23},"end":{"line":8,"column":24}},"loc":{"start":{"line":8,"column":70},"end":{"line":10,"column":3}}}},"branchMap":{},"s":{"0":3,"1":3,"2":3,"3":2,"4":2,"5":3,"6":2,"7":0,"8":2,"9":3},"f":{"0":2,"1":3,"2":0},"b":{}}
,"/home/ya/Downloads/react2024q3/src/shared/ui/themeButton/ThemeButton.tsx": {"path":"/home/ya/Downloads/react2024q3/src/shared/ui/themeButton/ThemeButton.tsx","statementMap":{"0":{"start":{"line":1,"column":0},"end":{"line":1,"column":39}},"1":{"start":{"line":3,"column":20},"end":{"line":9,"column":1}},"2":{"start":{"line":4,"column":33},"end":{"line":4,"column":43}},"3":{"start":{"line":6,"column":2},"end":{"line":8,"column":4}},"4":{"start":{"line":11,"column":0},"end":{"line":11,"column":27}}},"fnMap":{"0":{"name":"(anonymous_0)","decl":{"start":{"line":3,"column":20},"end":{"line":3,"column":23}},"loc":{"start":{"line":3,"column":25},"end":{"line":9,"column":1}}}},"branchMap":{"0":{"loc":{"start":{"line":7,"column":45},"end":{"line":7,"column":81}},"type":"cond-expr","locations":[{"start":{"line":7,"column":65},"end":{"line":7,"column":71}},{"start":{"line":7,"column":74},"end":{"line":7,"column":81}}]}},"s":{"0":2,"1":2,"2":1,"3":1,"4":2},"f":{"0":1},"b":{"0":[1,0]}}
,"/home/ya/Downloads/react2024q3/src/widgets/card/Card.tsx": {"path":"/home/ya/Downloads/react2024q3/src/widgets/card/Card.tsx","statementMap":{"0":{"start":{"line":1,"column":0},"end":{"line":1,"column":77}},"1":{"start":{"line":2,"column":0},"end":{"line":2,"column":52}},"2":{"start":{"line":3,"column":0},"end":{"line":3,"column":42}},"3":{"start":{"line":5,"column":0},"end":{"line":5,"column":64}},"4":{"start":{"line":11,"column":13},"end":{"line":48,"column":1}},"5":{"start":{"line":12,"column":27},"end":{"line":12,"column":77}},"6":{"start":{"line":12,"column":53},"end":{"line":12,"column":76}},"7":{"start":{"line":13,"column":25},"end":{"line":13,"column":78}},"8":{"start":{"line":13,"column":51},"end":{"line":13,"column":77}},"9":{"start":{"line":15,"column":19},"end":{"line":15,"column":32}},"10":{"start":{"line":16,"column":27},"end":{"line":16,"column":83}},"11":{"start":{"line":16,"column":59},"end":{"line":16,"column":82}},"12":{"start":{"line":18,"column":23},"end":{"line":24,"column":3}},"13":{"start":{"line":19,"column":4},"end":{"line":23,"column":5}},"14":{"start":{"line":20,"column":6},"end":{"line":20,"column":90}},"15":{"start":{"line":20,"column":64},"end":{"line":20,"column":86}},"16":{"start":{"line":22,"column":6},"end":{"line":22,"column":56}},"17":{"start":{"line":26,"column":22},"end":{"line":31,"column":3}},"18":{"start":{"line":27,"column":4},"end":{"line":30,"column":5}},"19":{"start":{"line":28,"column":6},"end":{"line":28,"column":35}},"20":{"start":{"line":29,"column":6},"end":{"line":29,"column":34}},"21":{"start":{"line":33,"column":2},"end":{"line":47,"column":4}},"22":{"start":{"line":36,"column":21},"end":{"line":36,"column":40}},"23":{"start":{"line":50,"column":0},"end":{"line":50,"column":20}}},"fnMap":{"0":{"name":"(anonymous_0)","decl":{"start":{"line":11,"column":13},"end":{"line":11,"column":14}},"loc":{"start":{"line":11,"column":31},"end":{"line":48,"column":1}}},"1":{"name":"(anonymous_1)","decl":{"start":{"line":12,"column":42},"end":{"line":12,"column":43}},"loc":{"start":{"line":12,"column":53},"end":{"line":12,"column":76}}},"2":{"name":"(anonymous_2)","decl":{"start":{"line":13,"column":40},"end":{"line":13,"column":41}},"loc":{"start":{"line":13,"column":51},"end":{"line":13,"column":77}}},"3":{"name":"(anonymous_3)","decl":{"start":{"line":16,"column":47},"end":{"line":16,"column":48}},"loc":{"start":{"line":16,"column":59},"end":{"line":16,"column":82}}},"4":{"name":"(anonymous_4)","decl":{"start":{"line":18,"column":23},"end":{"line":18,"column":26}},"loc":{"start":{"line":18,"column":28},"end":{"line":24,"column":3}}},"5":{"name":"(anonymous_5)","decl":{"start":{"line":20,"column":52},"end":{"line":20,"column":53}},"loc":{"start":{"line":20,"column":64},"end":{"line":20,"column":86}}},"6":{"name":"(anonymous_6)","decl":{"start":{"line":26,"column":22},"end":{"line":26,"column":23}},"loc":{"start":{"line":26,"column":38},"end":{"line":31,"column":3}}},"7":{"name":"(anonymous_7)","decl":{"start":{"line":36,"column":15},"end":{"line":36,"column":18}},"loc":{"start":{"line":36,"column":21},"end":{"line":36,"column":40}}}},"branchMap":{"0":{"loc":{"start":{"line":19,"column":4},"end":{"line":23,"column":5}},"type":"if","locations":[{"start":{"line":19,"column":4},"end":{"line":23,"column":5}},{"start":{"line":21,"column":11},"end":{"line":23,"column":5}}]},"1":{"loc":{"start":{"line":27,"column":4},"end":{"line":30,"column":5}},"type":"if","locations":[{"start":{"line":27,"column":4},"end":{"line":30,"column":5}}]}},"s":{"0":3,"1":3,"2":3,"3":3,"4":3,"5":2,"6":4,"7":2,"8":4,"9":2,"10":2,"11":0,"12":2,"13":1,"14":0,"15":0,"16":1,"17":2,"18":3,"19":3,"20":3,"21":2,"22":3,"23":3},"f":{"0":2,"1":4,"2":4,"3":0,"4":1,"5":0,"6":3,"7":3},"b":{"0":[0,1],"1":[3]}}
,"/home/ya/Downloads/react2024q3/src/widgets/cardDetails/CardDetails.tsx": {"path":"/home/ya/Downloads/react2024q3/src/widgets/cardDetails/CardDetails.tsx","statementMap":{"0":{"start":{"line":1,"column":0},"end":{"line":1,"column":42}},"1":{"start":{"line":2,"column":0},"end":{"line":2,"column":52}},"2":{"start":{"line":3,"column":0},"end":{"line":3,"column":50}},"3":{"start":{"line":4,"column":0},"end":{"line":4,"column":62}},"4":{"start":{"line":6,"column":20},"end":{"line":53,"column":1}},"5":{"start":{"line":7,"column":27},"end":{"line":7,"column":77}},"6":{"start":{"line":7,"column":53},"end":{"line":7,"column":76}},"7":{"start":{"line":8,"column":20},"end":{"line":8,"column":70}},"8":{"start":{"line":8,"column":46},"end":{"line":8,"column":69}},"9":{"start":{"line":9,"column":19},"end":{"line":9,"column":32}},"10":{"start":{"line":11,"column":38},"end":{"line":13,"column":4}},"11":{"start":{"line":15,"column":22},"end":{"line":19,"column":3}},"12":{"start":{"line":16,"column":4},"end":{"line":18,"column":5}},"13":{"start":{"line":17,"column":6},"end":{"line":17,"column":36}},"14":{"start":{"line":21,"column":2},"end":{"line":52,"column":3}},"15":{"start":{"line":22,"column":4},"end":{"line":49,"column":6}},"16":{"start":{"line":51,"column":4},"end":{"line":51,"column":17}},"17":{"start":{"line":55,"column":0},"end":{"line":55,"column":27}}},"fnMap":{"0":{"name":"(anonymous_0)","decl":{"start":{"line":6,"column":20},"end":{"line":6,"column":23}},"loc":{"start":{"line":6,"column":25},"end":{"line":53,"column":1}}},"1":{"name":"(anonymous_1)","decl":{"start":{"line":7,"column":42},"end":{"line":7,"column":43}},"loc":{"start":{"line":7,"column":53},"end":{"line":7,"column":76}}},"2":{"name":"(anonymous_2)","decl":{"start":{"line":8,"column":35},"end":{"line":8,"column":36}},"loc":{"start":{"line":8,"column":46},"end":{"line":8,"column":69}}},"3":{"name":"(anonymous_3)","decl":{"start":{"line":15,"column":22},"end":{"line":15,"column":25}},"loc":{"start":{"line":15,"column":27},"end":{"line":19,"column":3}}}},"branchMap":{"0":{"loc":{"start":{"line":16,"column":4},"end":{"line":18,"column":5}},"type":"if","locations":[{"start":{"line":16,"column":4},"end":{"line":18,"column":5}}]},"1":{"loc":{"start":{"line":21,"column":2},"end":{"line":52,"column":3}},"type":"if","locations":[{"start":{"line":21,"column":2},"end":{"line":52,"column":3}},{"start":{"line":50,"column":9},"end":{"line":52,"column":3}}]},"2":{"loc":{"start":{"line":24,"column":9},"end":{"line":46,"column":null}},"type":"cond-expr","locations":[{"start":{"line":25,"column":10},"end":{"line":25,"column":27}},{"start":{"line":26,"column":12},"end":{"line":46,"column":null}}]},"3":{"loc":{"start":{"line":26,"column":12},"end":{"line":46,"column":null}},"type":"cond-expr","locations":[{"start":{"line":27,"column":10},"end":{"line":27,"column":72}},{"start":{"line":46,"column":10},"end":{"line":46,"column":31}}]}},"s":{"0":3,"1":3,"2":3,"3":3,"4":3,"5":6,"6":12,"7":6,"8":12,"9":6,"10":6,"11":6,"12":2,"13":2,"14":6,"15":4,"16":2,"17":3},"f":{"0":6,"1":12,"2":12,"3":2},"b":{"0":[2],"1":[4,2],"2":[1,3],"3":[2,1]}}
,"/home/ya/Downloads/react2024q3/src/widgets/cardList/CardList.tsx": {"path":"/home/ya/Downloads/react2024q3/src/widgets/cardList/CardList.tsx","statementMap":{"0":{"start":{"line":10,"column":0},"end":{"line":10,"column":24}},"1":{"start":{"line":1,"column":0},"end":{"line":1,"column":34}},"2":{"start":{"line":3,"column":0},"end":{"line":3,"column":62}},"3":{"start":{"line":4,"column":0},"end":{"line":4,"column":52}},"4":{"start":{"line":5,"column":0},"end":{"line":5,"column":39}},"5":{"start":{"line":6,"column":0},"end":{"line":6,"column":42}},"6":{"start":{"line":7,"column":0},"end":{"line":7,"column":62}},"7":{"start":{"line":8,"column":0},"end":{"line":8,"column":27}},"8":{"start":{"line":11,"column":22},"end":{"line":11,"column":78}},"9":{"start":{"line":11,"column":48},"end":{"line":11,"column":77}},"10":{"start":{"line":12,"column":28},"end":{"line":12,"column":89}},"11":{"start":{"line":12,"column":54},"end":{"line":12,"column":88}},"12":{"start":{"line":13,"column":19},"end":{"line":13,"column":32}},"13":{"start":{"line":20,"column":42},"end":{"line":23,"column":4}},"14":{"start":{"line":25,"column":2},"end":{"line":29,"column":29}},"15":{"start":{"line":26,"column":4},"end":{"line":28,"column":5}},"16":{"start":{"line":27,"column":6},"end":{"line":27,"column":64}},"17":{"start":{"line":31,"column":2},"end":{"line":52,"column":4}},"18":{"start":{"line":39,"column":53},"end":{"line":39,"column":83}}},"fnMap":{"0":{"name":"CardList","decl":{"start":{"line":10,"column":24},"end":{"line":10,"column":32}},"loc":{"start":{"line":10,"column":32},"end":{"line":53,"column":1}}},"1":{"name":"(anonymous_2)","decl":{"start":{"line":11,"column":37},"end":{"line":11,"column":38}},"loc":{"start":{"line":11,"column":48},"end":{"line":11,"column":77}}},"2":{"name":"(anonymous_3)","decl":{"start":{"line":12,"column":43},"end":{"line":12,"column":44}},"loc":{"start":{"line":12,"column":54},"end":{"line":12,"column":88}}},"3":{"name":"(anonymous_4)","decl":{"start":{"line":25,"column":12},"end":{"line":25,"column":15}},"loc":{"start":{"line":25,"column":17},"end":{"line":29,"column":3}}},"4":{"name":"(anonymous_5)","decl":{"start":{"line":39,"column":37},"end":{"line":39,"column":38}},"loc":{"start":{"line":39,"column":53},"end":{"line":39,"column":83}}}},"branchMap":{"0":{"loc":{"start":{"line":26,"column":4},"end":{"line":28,"column":5}},"type":"if","locations":[{"start":{"line":26,"column":4},"end":{"line":28,"column":5}}]},"1":{"loc":{"start":{"line":33,"column":7},"end":{"line":49,"column":null}},"type":"cond-expr","locations":[{"start":{"line":34,"column":8},"end":{"line":34,"column":31}},{"start":{"line":36,"column":8},"end":{"line":48,"column":null}}]},"2":{"loc":{"start":{"line":38,"column":13},"end":{"line":41,"column":null}},"type":"cond-expr","locations":[{"start":{"line":39,"column":14},"end":{"line":39,"column":84}},{"start":{"line":41,"column":14},"end":{"line":41,"column":29}}]},"3":{"loc":{"start":{"line":38,"column":13},"end":{"line":38,"column":52}},"type":"binary-expr","locations":[{"start":{"line":38,"column":13},"end":{"line":38,"column":23}},{"start":{"line":38,"column":27},"end":{"line":38,"column":52}}]},"4":{"loc":{"start":{"line":44,"column":11},"end":{"line":47,"column":null}},"type":"cond-expr","locations":[{"start":{"line":45,"column":12},"end":{"line":45,"column":26}},{"start":{"line":47,"column":12},"end":{"line":47,"column":82}}]},"5":{"loc":{"start":{"line":44,"column":11},"end":{"line":44,"column":50}},"type":"binary-expr","locations":[{"start":{"line":44,"column":11},"end":{"line":44,"column":21}},{"start":{"line":44,"column":25},"end":{"line":44,"column":50}}]}},"s":{"0":3,"1":3,"2":3,"3":3,"4":3,"5":3,"6":3,"7":3,"8":5,"9":7,"10":5,"11":7,"12":5,"13":5,"14":5,"15":4,"16":2,"17":5,"18":1},"f":{"0":5,"1":7,"2":7,"3":4,"4":1},"b":{"0":[2],"1":[3,2],"2":[1,1],"3":[2,2],"4":[1,1],"5":[2,2]}}
,"/home/ya/Downloads/react2024q3/src/widgets/errorComponent/ErrorComponent.tsx": {"path":"/home/ya/Downloads/react2024q3/src/widgets/errorComponent/ErrorComponent.tsx","statementMap":{"0":{"start":{"line":1,"column":0},"end":{"line":1,"column":34}},"1":{"start":{"line":3,"column":23},"end":{"line":9,"column":1}},"2":{"start":{"line":4,"column":2},"end":{"line":6,"column":9}},"3":{"start":{"line":5,"column":4},"end":{"line":5,"column":53}},"4":{"start":{"line":8,"column":2},"end":{"line":8,"column":14}},"5":{"start":{"line":11,"column":0},"end":{"line":11,"column":30}}},"fnMap":{"0":{"name":"(anonymous_0)","decl":{"start":{"line":3,"column":23},"end":{"line":3,"column":26}},"loc":{"start":{"line":3,"column":28},"end":{"line":9,"column":1}}},"1":{"name":"(anonymous_1)","decl":{"start":{"line":4,"column":12},"end":{"line":4,"column":15}},"loc":{"start":{"line":4,"column":17},"end":{"line":6,"column":3}}}},"branchMap":{},"s":{"0":2,"1":2,"2":2,"3":1,"4":1,"5":2},"f":{"0":2,"1":1},"b":{}}
,"/home/ya/Downloads/react2024q3/src/widgets/fallbackUI/FallbackUI.tsx": {"path":"/home/ya/Downloads/react2024q3/src/widgets/fallbackUI/FallbackUI.tsx","statementMap":{"0":{"start":{"line":1,"column":20},"end":{"line":3,"column":1}},"1":{"start":{"line":2,"column":2},"end":{"line":2,"column":29}},"2":{"start":{"line":5,"column":19},"end":{"line":20,"column":1}},"3":{"start":{"line":6,"column":2},"end":{"line":19,"column":4}},"4":{"start":{"line":22,"column":0},"end":{"line":22,"column":26}}},"fnMap":{"0":{"name":"(anonymous_0)","decl":{"start":{"line":1,"column":20},"end":{"line":1,"column":23}},"loc":{"start":{"line":1,"column":25},"end":{"line":3,"column":1}}},"1":{"name":"(anonymous_1)","decl":{"start":{"line":5,"column":19},"end":{"line":5,"column":22}},"loc":{"start":{"line":5,"column":24},"end":{"line":20,"column":1}}}},"branchMap":{},"s":{"0":2,"1":0,"2":2,"3":0,"4":2},"f":{"0":0,"1":0},"b":{}}
,"/home/ya/Downloads/react2024q3/src/widgets/flyoutElement/FlyoutElement.tsx": {"path":"/home/ya/Downloads/react2024q3/src/widgets/flyoutElement/FlyoutElement.tsx","statementMap":{"0":{"start":{"line":1,"column":0},"end":{"line":1,"column":42}},"1":{"start":{"line":2,"column":0},"end":{"line":2,"column":52}},"2":{"start":{"line":3,"column":0},"end":{"line":3,"column":49}},"3":{"start":{"line":4,"column":0},"end":{"line":4,"column":36}},"4":{"start":{"line":6,"column":22},"end":{"line":25,"column":1}},"5":{"start":{"line":7,"column":25},"end":{"line":7,"column":78}},"6":{"start":{"line":7,"column":51},"end":{"line":7,"column":77}},"7":{"start":{"line":8,"column":19},"end":{"line":8,"column":32}},"8":{"start":{"line":10,"column":25},"end":{"line":12,"column":3}},"9":{"start":{"line":11,"column":4},"end":{"line":11,"column":33}},"10":{"start":{"line":14,"column":2},"end":{"line":24,"column":4}},"11":{"start":{"line":27,"column":0},"end":{"line":27,"column":29}}},"fnMap":{"0":{"name":"(anonymous_0)","decl":{"start":{"line":6,"column":22},"end":{"line":6,"column":25}},"loc":{"start":{"line":6,"column":27},"end":{"line":25,"column":1}}},"1":{"name":"(anonymous_1)","decl":{"start":{"line":7,"column":40},"end":{"line":7,"column":41}},"loc":{"start":{"line":7,"column":51},"end":{"line":7,"column":77}}},"2":{"name":"(anonymous_2)","decl":{"start":{"line":10,"column":25},"end":{"line":10,"column":28}},"loc":{"start":{"line":10,"column":30},"end":{"line":12,"column":3}}}},"branchMap":{},"s":{"0":2,"1":2,"2":2,"3":2,"4":2,"5":1,"6":3,"7":1,"8":1,"9":0,"10":1,"11":2},"f":{"0":1,"1":3,"2":0},"b":{}}
,"/home/ya/Downloads/react2024q3/src/widgets/header/Header.tsx": {"path":"/home/ya/Downloads/react2024q3/src/widgets/header/Header.tsx","statementMap":{"0":{"start":{"line":1,"column":0},"end":{"line":1,"column":59}},"1":{"start":{"line":2,"column":0},"end":{"line":2,"column":37}},"2":{"start":{"line":4,"column":15},"end":{"line":12,"column":1}},"3":{"start":{"line":5,"column":2},"end":{"line":11,"column":4}},"4":{"start":{"line":14,"column":0},"end":{"line":14,"column":22}}},"fnMap":{"0":{"name":"(anonymous_1)","decl":{"start":{"line":4,"column":15},"end":{"line":4,"column":18}},"loc":{"start":{"line":4,"column":20},"end":{"line":12,"column":1}}}},"branchMap":{},"s":{"0":2,"1":2,"2":2,"3":1,"4":2},"f":{"0":1},"b":{}}
,"/home/ya/Downloads/react2024q3/src/widgets/pagination/Pagination.tsx": {"path":"/home/ya/Downloads/react2024q3/src/widgets/pagination/Pagination.tsx","statementMap":{"0":{"start":{"line":1,"column":0},"end":{"line":1,"column":68}},"1":{"start":{"line":2,"column":0},"end":{"line":2,"column":57}},"2":{"start":{"line":4,"column":19},"end":{"line":34,"column":1}},"3":{"start":{"line":5,"column":19},"end":{"line":5,"column":35}},"4":{"start":{"line":6,"column":28},"end":{"line":6,"column":89}},"5":{"start":{"line":6,"column":54},"end":{"line":6,"column":88}},"6":{"start":{"line":7,"column":21},"end":{"line":7,"column":75}},"7":{"start":{"line":7,"column":47},"end":{"line":7,"column":74}},"8":{"start":{"line":9,"column":26},"end":{"line":13,"column":3}},"9":{"start":{"line":10,"column":4},"end":{"line":12,"column":5}},"10":{"start":{"line":11,"column":6},"end":{"line":11,"column":60}},"11":{"start":{"line":15,"column":22},"end":{"line":19,"column":3}},"12":{"start":{"line":16,"column":4},"end":{"line":18,"column":5}},"13":{"start":{"line":17,"column":6},"end":{"line":17,"column":60}},"14":{"start":{"line":21,"column":2},"end":{"line":33,"column":4}},"15":{"start":{"line":36,"column":0},"end":{"line":36,"column":26}}},"fnMap":{"0":{"name":"(anonymous_0)","decl":{"start":{"line":4,"column":19},"end":{"line":4,"column":22}},"loc":{"start":{"line":4,"column":24},"end":{"line":34,"column":1}}},"1":{"name":"(anonymous_1)","decl":{"start":{"line":6,"column":43},"end":{"line":6,"column":44}},"loc":{"start":{"line":6,"column":54},"end":{"line":6,"column":88}}},"2":{"name":"(anonymous_2)","decl":{"start":{"line":7,"column":36},"end":{"line":7,"column":37}},"loc":{"start":{"line":7,"column":47},"end":{"line":7,"column":74}}},"3":{"name":"(anonymous_3)","decl":{"start":{"line":9,"column":26},"end":{"line":9,"column":29}},"loc":{"start":{"line":9,"column":31},"end":{"line":13,"column":3}}},"4":{"name":"(anonymous_4)","decl":{"start":{"line":15,"column":22},"end":{"line":15,"column":25}},"loc":{"start":{"line":15,"column":27},"end":{"line":19,"column":3}}}},"branchMap":{"0":{"loc":{"start":{"line":10,"column":4},"end":{"line":12,"column":5}},"type":"if","locations":[{"start":{"line":10,"column":4},"end":{"line":12,"column":5}}]},"1":{"loc":{"start":{"line":16,"column":4},"end":{"line":18,"column":5}},"type":"if","locations":[{"start":{"line":16,"column":4},"end":{"line":18,"column":5}}]}},"s":{"0":4,"1":4,"2":4,"3":6,"4":6,"5":6,"6":6,"7":6,"8":6,"9":2,"10":1,"11":6,"12":2,"13":1,"14":6,"15":4},"f":{"0":6,"1":6,"2":6,"3":2,"4":2},"b":{"0":[1],"1":[1]}}
,"/home/ya/Downloads/react2024q3/src/widgets/searchBar/SearchBar.tsx": {"path":"/home/ya/Downloads/react2024q3/src/widgets/searchBar/SearchBar.tsx","statementMap":{"0":{"start":{"line":1,"column":0},"end":{"line":1,"column":60}},"1":{"start":{"line":3,"column":18},"end":{"line":10,"column":1}},"2":{"start":{"line":4,"column":2},"end":{"line":9,"column":4}},"3":{"start":{"line":5,"column":31},"end":{"line":5,"column":53}},"4":{"start":{"line":12,"column":0},"end":{"line":12,"column":25}}},"fnMap":{"0":{"name":"(anonymous_0)","decl":{"start":{"line":3,"column":18},"end":{"line":3,"column":21}},"loc":{"start":{"line":3,"column":23},"end":{"line":10,"column":1}}},"1":{"name":"(anonymous_1)","decl":{"start":{"line":5,"column":20},"end":{"line":5,"column":21}},"loc":{"start":{"line":5,"column":31},"end":{"line":5,"column":53}}}},"branchMap":{},"s":{"0":2,"1":2,"2":1,"3":0,"4":2},"f":{"0":1,"1":0},"b":{}}
}
