TN:
SF:src/main.tsx
FNF:0
FNH:0
DA:1,1
DA:2,1
DA:3,1
DA:4,1
DA:5,1
DA:6,1
DA:7,1
DA:9,1
DA:10,1
DA:11,1
DA:21,0
LF:11
LH:10
BRDA:10,0,0,1
BRDA:10,0,1,0
BRF:2
BRH:1
end_of_record
TN:
SF:src/app/App.tsx
FN:6,App
FNF:1
FNH:1
FNDA:1,App
DA:1,2
DA:2,2
DA:4,2
DA:7,1
DA:10,2
LF:5
LH:5
BRF:0
BRH:0
end_of_record
TN:
SF:src/app/routes.tsx
FNF:0
FNH:0
DA:1,2
DA:2,2
DA:3,2
DA:5,2
LF:4
LH:4
BRF:0
BRH:0
end_of_record
TN:
SF:src/features/errorBoundary/ErrorBoundary.tsx
FN:13,(anonymous_1)
FN:18,(anonymous_2)
FN:22,(anonymous_3)
FNF:3
FNH:2
FNDA:1,(anonymous_1)
FNDA:0,(anonymous_2)
FNDA:1,(anonymous_3)
DA:1,2
DA:2,2
DA:12,2
DA:14,1
DA:15,1
DA:19,0
DA:23,1
DA:24,0
DA:26,1
LF:9
LH:7
BRDA:23,0,0,0
BRF:1
BRH:0
end_of_record
TN:
SF:src/features/lazyComponent/LazyComponent.tsx
FN:4,(anonymous_1)
FNF:1
FNH:1
FNDA:6,(anonymous_1)
DA:1,2
DA:2,2
DA:4,2
DA:5,6
DA:12,2
LF:5
LH:5
BRF:0
BRH:0
end_of_record
TN:
SF:src/features/theme/ThemeContext.tsx
FN:12,(anonymous_0)
FN:15,(anonymous_1)
FN:19,(anonymous_2)
FN:20,(anonymous_3)
FNF:4
FNH:4
FNDA:6,(anonymous_0)
FNDA:6,(anonymous_1)
FNDA:3,(anonymous_2)
FNDA:3,(anonymous_3)
DA:1,7
DA:10,7
DA:12,7
DA:13,6
DA:15,6
DA:16,6
DA:19,6
DA:20,3
DA:23,6
DA:26,7
LF:10
LH:10
BRDA:20,0,0,2
BRDA:20,0,1,1
BRF:2
BRH:2
end_of_record
TN:
SF:src/pages/404/Page404.tsx
FN:1,Page404
FN:2,(anonymous_1)
FNF:2
FNH:2
FNDA:2,Page404
FNDA:1,(anonymous_1)
DA:1,1
DA:2,2
DA:3,1
DA:6,2
LF:4
LH:4
BRF:0
BRH:0
end_of_record
TN:
SF:src/pages/error/PageError.tsx
FN:3,PageError
FNF:1
FNH:1
FNDA:2,PageError
DA:1,1
DA:3,1
DA:4,2
LF:3
LH:3
BRF:0
BRH:0
end_of_record
TN:
SF:src/pages/main/PageMain.tsx
FN:4,PageMain
FNF:1
FNH:0
FNDA:0,PageMain
DA:1,1
DA:2,1
DA:4,1
DA:5,0
LF:4
LH:3
BRF:0
BRH:0
end_of_record
TN:
SF:src/shared/ui/errorButton/ErrorButton.tsx
FN:3,(anonymous_1)
FN:4,(anonymous_2)
FNF:2
FNH:0
FNDA:0,(anonymous_1)
FNDA:0,(anonymous_2)
DA:1,3
DA:3,3
DA:4,0
DA:5,0
DA:8,0
DA:15,3
LF:6
LH:3
BRF:0
BRH:0
end_of_record
TN:
SF:src/shared/ui/searchButton/SearchButton.tsx
FN:6,(anonymous_1)
FN:7,(anonymous_2)
FN:8,(anonymous_3)
FN:11,(anonymous_4)
FNF:4
FNH:2
FNDA:1,(anonymous_1)
FNDA:0,(anonymous_2)
FNDA:0,(anonymous_3)
FNDA:1,(anonymous_4)
DA:1,4
DA:2,4
DA:3,4
DA:4,4
DA:6,4
DA:7,1
DA:8,1
DA:9,1
DA:11,1
DA:12,1
DA:13,1
DA:14,1
DA:18,1
DA:25,4
LF:14
LH:14
BRDA:12,0,0,1
BRF:1
BRH:1
end_of_record
TN:
SF:src/shared/ui/searchInput/SearchInput.tsx
FN:5,(anonymous_1)
FN:7,(anonymous_2)
FN:9,(anonymous_3)
FNF:3
FNH:1
FNDA:1,(anonymous_1)
FNDA:0,(anonymous_2)
FNDA:0,(anonymous_3)
DA:1,4
DA:2,4
DA:3,4
DA:5,4
DA:6,1
DA:7,1
DA:9,1
DA:10,0
DA:13,1
DA:24,4
LF:10
LH:9
BRF:0
BRH:0
end_of_record
TN:
SF:src/shared/ui/themeButton/ThemeButton.tsx
FN:3,(anonymous_0)
FNF:1
FNH:0
FNDA:0,(anonymous_0)
DA:1,3
DA:3,3
DA:4,0
DA:6,0
DA:11,3
LF:5
LH:3
BRDA:7,0,0,0
BRDA:7,0,1,0
BRF:2
BRH:0
end_of_record
TN:
SF:src/widgets/card/Card.tsx
FN:12,(anonymous_1)
FN:13,(anonymous_2)
FN:14,(anonymous_3)
FN:17,(anonymous_4)
FN:19,(anonymous_5)
FN:21,(anonymous_6)
FN:27,(anonymous_7)
FN:35,(anonymous_8)
FNF:8
FNH:6
FNDA:2,(anonymous_1)
FNDA:4,(anonymous_2)
FNDA:4,(anonymous_3)
FNDA:0,(anonymous_4)
FNDA:1,(anonymous_5)
FNDA:0,(anonymous_6)
FNDA:3,(anonymous_7)
FNDA:3,(anonymous_8)
DA:1,4
DA:2,4
DA:3,4
DA:4,4
DA:6,4
DA:12,4
DA:13,4
DA:14,4
DA:16,2
DA:17,2
DA:19,2
DA:20,1
DA:21,0
DA:23,1
DA:27,2
DA:28,3
DA:29,3
DA:30,3
DA:34,2
DA:35,3
DA:48,4
LF:21
LH:20
BRDA:20,0,0,0
BRDA:20,0,1,1
BRDA:28,1,0,3
BRF:3
BRH:2
end_of_record
TN:
SF:src/widgets/cardDetails/CardDetails.tsx
FN:7,(anonymous_1)
FN:8,(anonymous_2)
FN:9,(anonymous_3)
FN:16,(anonymous_4)
FNF:4
FNH:4
FNDA:4,(anonymous_1)
FNDA:8,(anonymous_2)
FNDA:8,(anonymous_3)
FNDA:2,(anonymous_4)
DA:1,4
DA:2,4
DA:3,4
DA:4,4
DA:5,4
DA:7,4
DA:8,8
DA:9,8
DA:10,4
DA:12,4
DA:16,4
DA:17,2
DA:18,2
DA:22,4
DA:23,4
DA:52,0
DA:56,4
LF:17
LH:16
BRDA:17,0,0,2
BRDA:22,1,0,4
BRDA:22,1,1,0
BRDA:25,2,0,1
BRDA:25,2,1,3
BRDA:27,3,0,2
BRDA:27,3,1,1
BRF:7
BRH:6
end_of_record
TN:
SF:src/widgets/cardList/CardList.tsx
FN:12,CardList
FN:13,(anonymous_2)
FN:14,(anonymous_3)
FN:18,(anonymous_4)
FN:27,(anonymous_5)
FN:41,(anonymous_6)
FNF:6
FNH:6
FNDA:3,CardList
FNDA:3,(anonymous_2)
FNDA:3,(anonymous_3)
FNDA:3,(anonymous_4)
FNDA:3,(anonymous_5)
FNDA:1,(anonymous_6)
DA:1,4
DA:3,4
DA:4,4
DA:5,4
DA:6,4
DA:7,4
DA:8,4
DA:9,4
DA:10,4
DA:12,4
DA:13,3
DA:14,3
DA:15,3
DA:17,3
DA:18,3
DA:19,3
DA:22,3
DA:27,3
DA:28,3
DA:29,2
DA:33,3
DA:41,1
LF:22
LH:22
BRDA:28,0,0,2
BRDA:35,1,0,1
BRDA:35,1,1,2
BRDA:40,2,0,1
BRDA:40,2,1,1
BRDA:40,3,0,2
BRDA:40,3,1,2
BRDA:46,4,0,1
BRDA:46,4,1,1
BRDA:46,5,0,2
BRDA:46,5,1,2
BRF:11
BRH:11
end_of_record
TN:
SF:src/widgets/errorComponent/ErrorComponent.tsx
FN:3,(anonymous_0)
FN:4,(anonymous_1)
FNF:2
FNH:2
FNDA:2,(anonymous_0)
FNDA:1,(anonymous_1)
DA:1,3
DA:3,3
DA:4,2
DA:5,1
DA:8,1
DA:11,3
LF:6
LH:6
BRF:0
BRH:0
end_of_record
TN:
SF:src/widgets/fallbackUI/FallbackUI.tsx
FN:3,(anonymous_1)
FN:7,(anonymous_2)
FNF:2
FNH:0
FNDA:0,(anonymous_1)
FNDA:0,(anonymous_2)
DA:1,3
DA:3,3
DA:4,0
DA:7,3
DA:8,0
DA:24,3
LF:6
LH:4
BRF:0
BRH:0
end_of_record
TN:
SF:src/widgets/flyoutElement/FlyoutElement.tsx
FN:7,(anonymous_1)
FN:8,(anonymous_2)
FN:11,(anonymous_3)
FNF:3
FNH:0
FNDA:0,(anonymous_1)
FNDA:0,(anonymous_2)
FNDA:0,(anonymous_3)
DA:1,3
DA:2,3
DA:3,3
DA:4,3
DA:5,3
DA:7,3
DA:8,0
DA:9,0
DA:11,0
DA:12,0
DA:15,0
DA:28,3
LF:12
LH:7
BRF:0
BRH:0
end_of_record
TN:
SF:src/widgets/header/Header.tsx
FN:5,(anonymous_1)
FNF:1
FNH:0
FNDA:0,(anonymous_1)
DA:1,3
DA:2,3
DA:3,3
DA:5,3
DA:6,0
DA:15,3
LF:6
LH:5
BRF:0
BRH:0
end_of_record
TN:
SF:src/widgets/pagination/Pagination.tsx
FN:5,(anonymous_1)
FN:7,(anonymous_2)
FN:8,(anonymous_3)
FN:10,(anonymous_4)
FN:16,(anonymous_5)
FNF:5
FNH:5
FNDA:6,(anonymous_1)
FNDA:6,(anonymous_2)
FNDA:6,(anonymous_3)
FNDA:2,(anonymous_4)
FNDA:2,(anonymous_5)
DA:1,5
DA:2,5
DA:3,5
DA:5,5
DA:6,6
DA:7,6
DA:8,6
DA:10,6
DA:11,2
DA:12,1
DA:16,6
DA:17,2
DA:18,1
DA:22,6
DA:37,5
LF:15
LH:15
BRDA:11,0,0,1
BRDA:17,1,0,1
BRF:2
BRH:2
end_of_record
TN:
SF:src/widgets/searchBar/SearchBar.tsx
FN:4,(anonymous_1)
FN:6,(anonymous_2)
FNF:2
FNH:0
FNDA:0,(anonymous_1)
FNDA:0,(anonymous_2)
DA:1,3
DA:2,3
DA:4,3
DA:5,0
DA:6,0
DA:13,3
LF:6
LH:4
BRF:0
BRH:0
end_of_record
