TN:
SF:src/features/errorBoundary/ErrorBoundary.tsx
FN:13,(anonymous_1)
FN:18,(anonymous_2)
FN:22,(anonymous_3)
FNF:3
FNH:3
FNDA:4,(anonymous_1)
FNDA:2,(anonymous_2)
FNDA:5,(anonymous_3)
DA:1,1
DA:2,1
DA:12,1
DA:14,4
DA:15,3
DA:19,2
DA:23,5
DA:24,2
DA:26,3
LF:9
LH:9
BRDA:23,0,0,2
BRF:1
BRH:1
end_of_record
TN:
SF:src/features/theme/ThemeContext.tsx
FN:12,(anonymous_0)
FN:15,(anonymous_1)
FN:19,(anonymous_2)
FN:20,(anonymous_3)
FNF:4
FNH:4
FNDA:7,(anonymous_0)
FNDA:7,(anonymous_1)
FNDA:3,(anonymous_2)
FNDA:3,(anonymous_3)
DA:1,6
DA:10,6
DA:12,6
DA:13,7
DA:15,7
DA:16,7
DA:19,7
DA:20,3
DA:23,7
DA:26,6
LF:10
LH:10
BRDA:20,0,0,2
BRDA:20,0,1,1
BRF:2
BRH:2
end_of_record
TN:
SF:src/pages/404.tsx
FN:1,Page404
FN:2,(anonymous_1)
FNF:2
FNH:2
FNDA:2,Page404
FNDA:1,(anonymous_1)
DA:1,1
DA:2,2
DA:3,1
DA:6,2
LF:4
LH:4
BRF:0
BRH:0
end_of_record
TN:
SF:src/pages/_app.tsx
FN:8,App
FNF:1
FNH:0
FNDA:0,App
DA:1,0
DA:2,0
DA:3,0
DA:4,0
DA:6,0
DA:8,0
DA:9,0
LF:7
LH:0
BRF:0
BRH:0
end_of_record
TN:
SF:src/pages/_document.tsx
FN:3,Document
FNF:1
FNH:0
FNDA:0,Document
DA:1,0
DA:3,0
DA:4,0
LF:3
LH:0
BRF:0
BRH:0
end_of_record
TN:
SF:src/pages/error.tsx
FN:3,PageError
FNF:1
FNH:1
FNDA:2,PageError
DA:1,1
DA:3,1
DA:4,2
LF:3
LH:3
BRF:0
BRH:0
end_of_record
TN:
SF:src/pages/index.tsx
FN:5,PageMain
FNF:1
FNH:1
FNDA:1,PageMain
DA:1,1
DA:2,1
DA:3,1
DA:5,1
DA:6,1
LF:5
LH:5
BRF:0
BRH:0
end_of_record
TN:
SF:src/shared/ui/errorButton/ErrorButton.tsx
FN:1,(anonymous_0)
FN:2,(anonymous_1)
FNF:2
FNH:0
FNDA:0,(anonymous_0)
FNDA:0,(anonymous_1)
DA:1,1
DA:2,0
DA:3,0
DA:6,0
DA:13,1
LF:5
LH:2
BRF:0
BRH:0
end_of_record
TN:
SF:src/shared/ui/searchButton/SearchButton.tsx
FN:5,(anonymous_0)
FN:6,(anonymous_1)
FN:7,(anonymous_2)
FN:10,(anonymous_3)
FNF:4
FNH:2
FNDA:1,(anonymous_0)
FNDA:0,(anonymous_1)
FNDA:0,(anonymous_2)
FNDA:1,(anonymous_3)
DA:1,2
DA:2,2
DA:3,2
DA:5,2
DA:6,1
DA:7,1
DA:8,1
DA:10,1
DA:11,1
DA:12,1
DA:13,1
DA:17,1
DA:24,2
LF:13
LH:13
BRDA:11,0,0,1
BRF:1
BRH:1
end_of_record
TN:
SF:src/shared/ui/searchInput/SearchInput.tsx
FN:4,(anonymous_0)
FN:6,(anonymous_1)
FN:8,(anonymous_2)
FNF:3
FNH:1
FNDA:1,(anonymous_0)
FNDA:0,(anonymous_1)
FNDA:0,(anonymous_2)
DA:1,2
DA:2,2
DA:4,2
DA:5,1
DA:6,1
DA:8,1
DA:9,0
DA:12,1
DA:23,2
LF:9
LH:8
BRF:0
BRH:0
end_of_record
TN:
SF:src/shared/ui/themeButton/ThemeButton.tsx
FN:3,(anonymous_0)
FNF:1
FNH:0
FNDA:0,(anonymous_0)
DA:1,1
DA:3,1
DA:4,0
DA:6,0
DA:11,1
LF:5
LH:3
BRDA:7,0,0,0
BRDA:7,0,1,0
BRF:2
BRH:0
end_of_record
TN:
SF:src/widgets/card/Card.tsx
FN:11,(anonymous_0)
FN:12,(anonymous_1)
FN:13,(anonymous_2)
FN:16,(anonymous_3)
FN:18,(anonymous_4)
FN:20,(anonymous_5)
FN:26,(anonymous_6)
FN:36,(anonymous_7)
FNF:8
FNH:6
FNDA:2,(anonymous_0)
FNDA:4,(anonymous_1)
FNDA:4,(anonymous_2)
FNDA:0,(anonymous_3)
FNDA:1,(anonymous_4)
FNDA:0,(anonymous_5)
FNDA:3,(anonymous_6)
FNDA:3,(anonymous_7)
DA:1,2
DA:2,2
DA:3,2
DA:5,2
DA:11,2
DA:12,4
DA:13,4
DA:15,2
DA:16,2
DA:18,2
DA:19,1
DA:20,0
DA:22,1
DA:26,2
DA:27,3
DA:28,3
DA:29,3
DA:33,2
DA:36,3
DA:50,2
LF:20
LH:19
BRDA:19,0,0,0
BRDA:19,0,1,1
BRDA:27,1,0,3
BRF:3
BRH:2
end_of_record
TN:
SF:src/widgets/cardDetails/CardDetails.tsx
FN:6,(anonymous_0)
FN:7,(anonymous_1)
FN:8,(anonymous_2)
FN:15,(anonymous_3)
FNF:4
FNH:4
FNDA:4,(anonymous_0)
FNDA:8,(anonymous_1)
FNDA:8,(anonymous_2)
FNDA:2,(anonymous_3)
DA:1,2
DA:2,2
DA:3,2
DA:4,2
DA:6,2
DA:7,8
DA:8,8
DA:9,4
DA:11,4
DA:15,4
DA:16,2
DA:17,2
DA:21,4
DA:22,4
DA:51,0
DA:55,2
LF:16
LH:15
BRDA:16,0,0,2
BRDA:21,1,0,4
BRDA:21,1,1,0
BRDA:24,2,0,1
BRDA:24,2,1,3
BRDA:26,3,0,2
BRDA:26,3,1,1
BRF:7
BRH:6
end_of_record
TN:
SF:src/widgets/cardList/CardList.tsx
FN:11,CardList
FN:13,(anonymous_2)
FN:14,(anonymous_3)
FN:17,(anonymous_4)
FN:30,(anonymous_5)
FN:44,(anonymous_6)
FNF:6
FNH:6
FNDA:3,CardList
FNDA:3,(anonymous_2)
FNDA:3,(anonymous_3)
FNDA:3,(anonymous_4)
FNDA:3,(anonymous_5)
FNDA:1,(anonymous_6)
DA:1,2
DA:3,2
DA:4,2
DA:5,2
DA:6,2
DA:7,2
DA:8,2
DA:9,2
DA:11,2
DA:12,3
DA:13,3
DA:14,3
DA:15,3
DA:17,3
DA:18,3
DA:22,3
DA:25,3
DA:30,3
DA:31,3
DA:32,2
DA:36,3
DA:44,1
LF:22
LH:22
BRDA:31,0,0,2
BRDA:38,1,0,1
BRDA:38,1,1,2
BRDA:43,2,0,1
BRDA:43,2,1,1
BRDA:43,3,0,2
BRDA:43,3,1,2
BRDA:49,4,0,1
BRDA:49,4,1,1
BRDA:49,5,0,2
BRDA:49,5,1,2
BRF:11
BRH:11
end_of_record
TN:
SF:src/widgets/errorComponent/ErrorComponent.tsx
FN:3,(anonymous_0)
FN:4,(anonymous_1)
FNF:2
FNH:2
FNDA:2,(anonymous_0)
FNDA:1,(anonymous_1)
DA:1,1
DA:3,1
DA:4,2
DA:5,1
DA:8,1
DA:11,1
LF:6
LH:6
BRF:0
BRH:0
end_of_record
TN:
SF:src/widgets/fallbackUI/FallbackUI.tsx
FN:1,(anonymous_0)
FN:5,(anonymous_1)
FNF:2
FNH:0
FNDA:0,(anonymous_0)
FNDA:0,(anonymous_1)
DA:1,1
DA:2,0
DA:5,1
DA:6,0
DA:22,1
LF:5
LH:3
BRF:0
BRH:0
end_of_record
TN:
SF:src/widgets/flyoutElement/FlyoutElement.tsx
FN:6,(anonymous_0)
FN:7,(anonymous_1)
FN:10,(anonymous_2)
FNF:3
FNH:0
FNDA:0,(anonymous_0)
FNDA:0,(anonymous_1)
FNDA:0,(anonymous_2)
DA:1,1
DA:2,1
DA:3,1
DA:4,1
DA:6,1
DA:7,0
DA:8,0
DA:10,0
DA:11,0
DA:14,0
DA:27,1
LF:11
LH:6
BRF:0
BRH:0
end_of_record
TN:
SF:src/widgets/header/Header.tsx
FN:4,(anonymous_1)
FNF:1
FNH:0
FNDA:0,(anonymous_1)
DA:1,1
DA:2,1
DA:4,1
DA:5,0
DA:14,1
LF:5
LH:4
BRF:0
BRH:0
end_of_record
TN:
SF:src/widgets/pagination/Pagination.tsx
FN:4,(anonymous_0)
FN:6,(anonymous_1)
FN:7,(anonymous_2)
FN:9,(anonymous_3)
FN:15,(anonymous_4)
FNF:5
FNH:5
FNDA:6,(anonymous_0)
FNDA:6,(anonymous_1)
FNDA:6,(anonymous_2)
FNDA:2,(anonymous_3)
FNDA:2,(anonymous_4)
DA:1,3
DA:2,3
DA:4,3
DA:5,6
DA:6,6
DA:7,6
DA:9,6
DA:10,2
DA:11,1
DA:15,6
DA:16,2
DA:17,1
DA:21,6
DA:36,3
LF:14
LH:14
BRDA:10,0,0,1
BRDA:16,1,0,1
BRF:2
BRH:2
end_of_record
TN:
SF:src/widgets/searchBar/SearchBar.tsx
FN:3,(anonymous_0)
FN:5,(anonymous_1)
FNF:2
FNH:0
FNDA:0,(anonymous_0)
FNDA:0,(anonymous_1)
DA:1,1
DA:3,1
DA:4,0
DA:5,0
DA:12,1
LF:5
LH:3
BRF:0
BRH:0
end_of_record
